2023-12-08 14:56:52 [restartedMain] INFO  com.pack.AuthenticationApplication -
				Starting AuthenticationApplication using Java 17.0.7 with PID 25644 (C:\Users\2063216\EventApp-workspace\Authentication\target\classes started by 2063216 in C:\Users\2063216\EventApp-workspace\Authentication)
2023-12-08 14:56:52 [restartedMain] INFO  com.pack.AuthenticationApplication -
				No active profile set, falling back to 1 default profile: "default"
2023-12-08 14:56:52 [restartedMain] INFO  o.s.b.d.e.DevToolsPropertyDefaultsPostProcessor -
				Devtools property defaults active! Set 'spring.devtools.add-properties' to 'false' to disable
2023-12-08 14:56:52 [restartedMain] INFO  o.s.b.d.e.DevToolsPropertyDefaultsPostProcessor -
				For additional web related logging consider setting the 'logging.level.web' property to 'DEBUG'
2023-12-08 14:56:53 [restartedMain] INFO  o.s.d.r.c.RepositoryConfigurationDelegate -
				Bootstrapping Spring Data JPA repositories in DEFAULT mode.
2023-12-08 14:56:53 [restartedMain] INFO  o.s.d.r.c.RepositoryConfigurationDelegate -
				Finished Spring Data repository scanning in 217 ms. Found 1 JPA repository interface.
2023-12-08 14:56:54 [restartedMain] INFO  o.s.cloud.context.scope.GenericScope -
				BeanFactory id=85133fd2-de52-3616-b28f-8b1836b9d87d
2023-12-08 14:56:55 [restartedMain] INFO  o.s.b.w.e.tomcat.TomcatWebServer -
				Tomcat initialized with port(s): 8086 (http)
2023-12-08 14:56:55 [restartedMain] INFO  o.a.coyote.http11.Http11NioProtocol -
				Initializing ProtocolHandler ["http-nio-8086"]
2023-12-08 14:56:55 [restartedMain] INFO  o.a.catalina.core.StandardService -
				Starting service [Tomcat]
2023-12-08 14:56:55 [restartedMain] INFO  o.a.catalina.core.StandardEngine -
				Starting Servlet engine: [Apache Tomcat/10.1.16]
2023-12-08 14:56:55 [restartedMain] INFO  o.a.c.c.C.[Tomcat].[localhost].[/] -
				Initializing Spring embedded WebApplicationContext
2023-12-08 14:56:55 [restartedMain] INFO  o.s.b.w.s.c.ServletWebServerApplicationContext -
				Root WebApplicationContext: initialization completed in 2531 ms
2023-12-08 14:56:55 [restartedMain] INFO  o.h.jpa.internal.util.LogHelper -
				HHH000204: Processing PersistenceUnitInfo [name: default]
2023-12-08 14:56:55 [restartedMain] INFO  org.hibernate.Version -
				HHH000412: Hibernate ORM core version 6.2.13.Final
2023-12-08 14:56:55 [restartedMain] INFO  org.hibernate.cfg.Environment -
				HHH000406: Using bytecode reflection optimizer
2023-12-08 14:56:55 [restartedMain] INFO  o.s.o.j.p.SpringPersistenceUnitInfo -
				No LoadTimeWeaver setup: ignoring JPA class transformer
2023-12-08 14:56:56 [restartedMain] INFO  com.zaxxer.hikari.HikariDataSource -
				HikariPool-1 - Starting...
2023-12-08 14:56:56 [restartedMain] INFO  com.zaxxer.hikari.pool.HikariPool -
				HikariPool-1 - Added connection com.mysql.cj.jdbc.ConnectionImpl@77f36eb9
2023-12-08 14:56:56 [restartedMain] INFO  com.zaxxer.hikari.HikariDataSource -
				HikariPool-1 - Start completed.
2023-12-08 14:56:56 [restartedMain] WARN  org.hibernate.orm.deprecation -
				HHH90000025: MySQL8Dialect does not need to be specified explicitly using 'hibernate.dialect' (remove the property setting and it will be selected by default)
2023-12-08 14:56:56 [restartedMain] WARN  org.hibernate.orm.deprecation -
				HHH90000026: MySQL8Dialect has been deprecated; use org.hibernate.dialect.MySQLDialect instead
2023-12-08 14:56:57 [restartedMain] INFO  o.h.e.t.j.p.i.JtaPlatformInitiator -
				HHH000489: No JTA platform available (set 'hibernate.transaction.jta.platform' to enable JTA platform integration)
2023-12-08 14:56:57 [restartedMain] INFO  o.s.o.j.LocalContainerEntityManagerFactoryBean -
				Initialized JPA EntityManagerFactory for persistence unit 'default'
2023-12-08 14:56:58 [restartedMain] WARN  o.s.b.a.o.j.JpaBaseConfiguration$JpaWebConfiguration -
				spring.jpa.open-in-view is enabled by default. Therefore, database queries may be performed during view rendering. Explicitly configure spring.jpa.open-in-view to disable this warning
2023-12-08 14:56:58 [restartedMain] WARN  o.s.b.d.a.OptionalLiveReloadServer -
				Unable to start LiveReload server
2023-12-08 14:56:59 [restartedMain] INFO  o.s.c.n.e.c.DiscoveryClientOptionalArgsConfiguration -
				Eureka HTTP Client uses RestTemplate.
2023-12-08 14:56:59 [restartedMain] WARN  o.s.c.l.c.LoadBalancerCacheAutoConfiguration$LoadBalancerCaffeineWarnLogger -
				Spring Cloud LoadBalancer is currently working with the default cache. While this cache implementation is useful for development and tests, it's recommended to use Caffeine cache in production.You can switch to using Caffeine cache, by adding it and org.springframework.cache.caffeine.CaffeineCacheManager to the classpath.
2023-12-08 14:56:59 [restartedMain] INFO  o.s.c.n.eureka.InstanceInfoFactory -
				Setting initial instance status as: STARTING
2023-12-08 14:56:59 [restartedMain] INFO  c.netflix.discovery.DiscoveryClient -
				Initializing Eureka in region us-east-1
2023-12-08 14:56:59 [restartedMain] INFO  c.n.d.s.r.aws.ConfigClusterResolver -
				Resolving eureka endpoints via configuration
2023-12-08 14:56:59 [restartedMain] INFO  c.netflix.discovery.DiscoveryClient -
				Disable delta property : false
2023-12-08 14:56:59 [restartedMain] INFO  c.netflix.discovery.DiscoveryClient -
				Single vip registry refresh property : null
2023-12-08 14:56:59 [restartedMain] INFO  c.netflix.discovery.DiscoveryClient -
				Force full registry fetch : false
2023-12-08 14:56:59 [restartedMain] INFO  c.netflix.discovery.DiscoveryClient -
				Application is null : false
2023-12-08 14:56:59 [restartedMain] INFO  c.netflix.discovery.DiscoveryClient -
				Registered Applications size is zero : true
2023-12-08 14:56:59 [restartedMain] INFO  c.netflix.discovery.DiscoveryClient -
				Application version is -1: true
2023-12-08 14:56:59 [restartedMain] INFO  c.netflix.discovery.DiscoveryClient -
				Getting all instance registry info from the eureka server
2023-12-08 14:57:00 [restartedMain] INFO  c.netflix.discovery.DiscoveryClient -
				The response status is 200
2023-12-08 14:57:00 [restartedMain] INFO  c.netflix.discovery.DiscoveryClient -
				Starting heartbeat executor: renew interval is: 30
2023-12-08 14:57:00 [restartedMain] INFO  c.n.discovery.InstanceInfoReplicator -
				InstanceInfoReplicator onDemand update allowed rate per min is 4
2023-12-08 14:57:00 [restartedMain] INFO  c.netflix.discovery.DiscoveryClient -
				Discovery Client initialized at timestamp 1702027620150 with initial instances count: 4
2023-12-08 14:57:00 [restartedMain] INFO  o.s.c.n.e.s.EurekaServiceRegistry -
				Registering application AUTHENTICATION-SERVICE with eureka with status UP
2023-12-08 14:57:00 [restartedMain] INFO  c.netflix.discovery.DiscoveryClient -
				Saw local status change event StatusChangeEvent [timestamp=1702027620156, current=UP, previous=STARTING]
2023-12-08 14:57:00 [DiscoveryClient-InstanceInfoReplicator-0] INFO  c.netflix.discovery.DiscoveryClient -
				DiscoveryClient_AUTHENTICATION-SERVICE/LTIN369346.cts.com:authentication-service:8086: registering service...
2023-12-08 14:57:00 [restartedMain] INFO  o.a.coyote.http11.Http11NioProtocol -
				Starting ProtocolHandler ["http-nio-8086"]
2023-12-08 14:57:00 [restartedMain] WARN  o.s.b.w.s.c.AnnotationConfigServletWebServerApplicationContext -
				Exception encountered during context initialization - cancelling refresh attempt: org.springframework.context.ApplicationContextException: Failed to start bean 'webServerStartStop'
2023-12-08 14:57:00 [restartedMain] INFO  o.s.o.j.LocalContainerEntityManagerFactoryBean -
				Closing JPA EntityManagerFactory for persistence unit 'default'
2023-12-08 14:57:00 [restartedMain] INFO  com.zaxxer.hikari.HikariDataSource -
				HikariPool-1 - Shutdown initiated...
2023-12-08 14:57:00 [restartedMain] INFO  com.zaxxer.hikari.HikariDataSource -
				HikariPool-1 - Shutdown completed.
2023-12-08 14:57:00 [restartedMain] INFO  c.netflix.discovery.DiscoveryClient -
				Shutting down DiscoveryClient ...
2023-12-08 14:57:00 [DiscoveryClient-InstanceInfoReplicator-0] INFO  c.netflix.discovery.DiscoveryClient -
				DiscoveryClient_AUTHENTICATION-SERVICE/LTIN369346.cts.com:authentication-service:8086 - registration status: 204
2023-12-08 14:57:00 [restartedMain] INFO  c.netflix.discovery.DiscoveryClient -
				Unregistering ...
2023-12-08 14:57:00 [restartedMain] INFO  c.netflix.discovery.DiscoveryClient -
				DiscoveryClient_AUTHENTICATION-SERVICE/LTIN369346.cts.com:authentication-service:8086 - deregister  status: 200
2023-12-08 14:57:00 [restartedMain] INFO  c.netflix.discovery.DiscoveryClient -
				Completed shut down of DiscoveryClient
2023-12-08 14:57:00 [restartedMain] INFO  o.a.coyote.http11.Http11NioProtocol -
				Pausing ProtocolHandler ["http-nio-8086"]
2023-12-08 14:57:00 [restartedMain] INFO  o.a.catalina.core.StandardService -
				Stopping service [Tomcat]
2023-12-08 14:57:00 [restartedMain] INFO  o.a.coyote.http11.Http11NioProtocol -
				Stopping ProtocolHandler ["http-nio-8086"]
2023-12-08 14:57:00 [restartedMain] INFO  o.a.coyote.http11.Http11NioProtocol -
				Destroying ProtocolHandler ["http-nio-8086"]
2023-12-08 14:57:00 [restartedMain] INFO  o.s.b.a.l.ConditionEvaluationReportLogger -
				

Error starting ApplicationContext. To display the condition evaluation report re-run your application with 'debug' enabled.
2023-12-08 14:57:00 [restartedMain] ERROR o.s.b.d.LoggingFailureAnalysisReporter -
				

***************************
APPLICATION FAILED TO START
***************************

Description:

Web server failed to start. Port 8086 was already in use.

Action:

Identify and stop the process that's listening on port 8086 or configure this application to listen on another port.

