2024-01-12 17:00:35 [background-preinit] INFO  o.h.validator.internal.util.Version -
				HV000001: Hibernate Validator 8.0.1.Final
2024-01-12 17:00:35 [restartedMain] INFO  com.pack.UserApplication -
				Starting UserApplication using Java 17.0.5 with PID 6108 (F:\Ankita\event-app\EventApp-main\UserMicroservice\target\classes started by HITESH in F:\Ankita\event-app\EventApp-main\UserMicroservice)
2024-01-12 17:00:35 [restartedMain] INFO  com.pack.UserApplication -
				No active profile set, falling back to 1 default profile: "default"
2024-01-12 17:00:35 [restartedMain] INFO  o.s.b.d.e.DevToolsPropertyDefaultsPostProcessor -
				Devtools property defaults active! Set 'spring.devtools.add-properties' to 'false' to disable
2024-01-12 17:00:35 [restartedMain] INFO  o.s.b.d.e.DevToolsPropertyDefaultsPostProcessor -
				For additional web related logging consider setting the 'logging.level.web' property to 'DEBUG'
2024-01-12 17:00:41 [restartedMain] INFO  o.s.d.r.c.RepositoryConfigurationDelegate -
				Bootstrapping Spring Data JPA repositories in DEFAULT mode.
2024-01-12 17:00:41 [restartedMain] INFO  o.s.d.r.c.RepositoryConfigurationDelegate -
				Finished Spring Data repository scanning in 317 ms. Found 1 JPA repository interface.
2024-01-12 17:00:42 [restartedMain] INFO  o.s.cloud.context.scope.GenericScope -
				BeanFactory id=dd35ae6c-6b89-3647-8152-65e79afed847
2024-01-12 17:00:46 [restartedMain] INFO  o.s.b.w.e.tomcat.TomcatWebServer -
				Tomcat initialized with port(s): 8085 (http)
2024-01-12 17:00:46 [restartedMain] INFO  o.a.coyote.http11.Http11NioProtocol -
				Initializing ProtocolHandler ["http-nio-8085"]
2024-01-12 17:00:46 [restartedMain] INFO  o.a.catalina.core.StandardService -
				Starting service [Tomcat]
2024-01-12 17:00:46 [restartedMain] INFO  o.a.catalina.core.StandardEngine -
				Starting Servlet engine: [Apache Tomcat/10.1.16]
2024-01-12 17:00:46 [restartedMain] INFO  o.a.c.c.C.[Tomcat].[localhost].[/] -
				Initializing Spring embedded WebApplicationContext
2024-01-12 17:00:46 [restartedMain] INFO  o.s.b.w.s.c.ServletWebServerApplicationContext -
				Root WebApplicationContext: initialization completed in 10731 ms
2024-01-12 17:00:47 [restartedMain] INFO  o.h.jpa.internal.util.LogHelper -
				HHH000204: Processing PersistenceUnitInfo [name: default]
2024-01-12 17:00:48 [restartedMain] INFO  org.hibernate.Version -
				HHH000412: Hibernate ORM core version 6.2.13.Final
2024-01-12 17:00:48 [restartedMain] INFO  org.hibernate.cfg.Environment -
				HHH000406: Using bytecode reflection optimizer
2024-01-12 17:00:49 [restartedMain] INFO  o.s.o.j.p.SpringPersistenceUnitInfo -
				No LoadTimeWeaver setup: ignoring JPA class transformer
2024-01-12 17:00:50 [restartedMain] INFO  com.zaxxer.hikari.HikariDataSource -
				HikariPool-1 - Starting...
2024-01-12 17:00:51 [restartedMain] INFO  com.zaxxer.hikari.pool.HikariPool -
				HikariPool-1 - Added connection com.mysql.cj.jdbc.ConnectionImpl@7a81b400
2024-01-12 17:00:51 [restartedMain] INFO  com.zaxxer.hikari.HikariDataSource -
				HikariPool-1 - Start completed.
2024-01-12 17:00:52 [restartedMain] WARN  org.hibernate.orm.deprecation -
				HHH90000025: MySQL8Dialect does not need to be specified explicitly using 'hibernate.dialect' (remove the property setting and it will be selected by default)
2024-01-12 17:00:52 [restartedMain] WARN  org.hibernate.orm.deprecation -
				HHH90000026: MySQL8Dialect has been deprecated; use org.hibernate.dialect.MySQLDialect instead
2024-01-12 17:01:01 [restartedMain] INFO  o.h.e.t.j.p.i.JtaPlatformInitiator -
				HHH000489: No JTA platform available (set 'hibernate.transaction.jta.platform' to enable JTA platform integration)
2024-01-12 17:01:03 [restartedMain] INFO  o.s.o.j.LocalContainerEntityManagerFactoryBean -
				Initialized JPA EntityManagerFactory for persistence unit 'default'
2024-01-12 17:01:09 [restartedMain] WARN  o.s.b.a.o.j.JpaBaseConfiguration$JpaWebConfiguration -
				spring.jpa.open-in-view is enabled by default. Therefore, database queries may be performed during view rendering. Explicitly configure spring.jpa.open-in-view to disable this warning
2024-01-12 17:01:12 [restartedMain] WARN  o.s.b.d.a.OptionalLiveReloadServer -
				Unable to start LiveReload server
2024-01-12 17:01:12 [restartedMain] INFO  o.s.c.n.e.c.DiscoveryClientOptionalArgsConfiguration -
				Eureka HTTP Client uses RestTemplate.
2024-01-12 17:01:13 [restartedMain] WARN  o.s.c.l.c.LoadBalancerCacheAutoConfiguration$LoadBalancerCaffeineWarnLogger -
				Spring Cloud LoadBalancer is currently working with the default cache. While this cache implementation is useful for development and tests, it's recommended to use Caffeine cache in production.You can switch to using Caffeine cache, by adding it and org.springframework.cache.caffeine.CaffeineCacheManager to the classpath.
2024-01-12 17:01:13 [restartedMain] INFO  o.a.k.c.admin.AdminClientConfig -
				AdminClientConfig values: 
	auto.include.jmx.reporter = true
	bootstrap.servers = [localhost:9092]
	client.dns.lookup = use_all_dns_ips
	client.id = 
	connections.max.idle.ms = 300000
	default.api.timeout.ms = 60000
	metadata.max.age.ms = 300000
	metric.reporters = []
	metrics.num.samples = 2
	metrics.recording.level = INFO
	metrics.sample.window.ms = 30000
	receive.buffer.bytes = 65536
	reconnect.backoff.max.ms = 1000
	reconnect.backoff.ms = 50
	request.timeout.ms = 30000
	retries = 2147483647
	retry.backoff.ms = 100
	sasl.client.callback.handler.class = null
	sasl.jaas.config = null
	sasl.kerberos.kinit.cmd = /usr/bin/kinit
	sasl.kerberos.min.time.before.relogin = 60000
	sasl.kerberos.service.name = null
	sasl.kerberos.ticket.renew.jitter = 0.05
	sasl.kerberos.ticket.renew.window.factor = 0.8
	sasl.login.callback.handler.class = null
	sasl.login.class = null
	sasl.login.connect.timeout.ms = null
	sasl.login.read.timeout.ms = null
	sasl.login.refresh.buffer.seconds = 300
	sasl.login.refresh.min.period.seconds = 60
	sasl.login.refresh.window.factor = 0.8
	sasl.login.refresh.window.jitter = 0.05
	sasl.login.retry.backoff.max.ms = 10000
	sasl.login.retry.backoff.ms = 100
	sasl.mechanism = GSSAPI
	sasl.oauthbearer.clock.skew.seconds = 30
	sasl.oauthbearer.expected.audience = null
	sasl.oauthbearer.expected.issuer = null
	sasl.oauthbearer.jwks.endpoint.refresh.ms = 3600000
	sasl.oauthbearer.jwks.endpoint.retry.backoff.max.ms = 10000
	sasl.oauthbearer.jwks.endpoint.retry.backoff.ms = 100
	sasl.oauthbearer.jwks.endpoint.url = null
	sasl.oauthbearer.scope.claim.name = scope
	sasl.oauthbearer.sub.claim.name = sub
	sasl.oauthbearer.token.endpoint.url = null
	security.protocol = PLAINTEXT
	security.providers = null
	send.buffer.bytes = 131072
	socket.connection.setup.timeout.max.ms = 30000
	socket.connection.setup.timeout.ms = 10000
	ssl.cipher.suites = null
	ssl.enabled.protocols = [TLSv1.2, TLSv1.3]
	ssl.endpoint.identification.algorithm = https
	ssl.engine.factory.class = null
	ssl.key.password = null
	ssl.keymanager.algorithm = SunX509
	ssl.keystore.certificate.chain = null
	ssl.keystore.key = null
	ssl.keystore.location = null
	ssl.keystore.password = null
	ssl.keystore.type = JKS
	ssl.protocol = TLSv1.3
	ssl.provider = null
	ssl.secure.random.implementation = null
	ssl.trustmanager.algorithm = PKIX
	ssl.truststore.certificates = null
	ssl.truststore.location = null
	ssl.truststore.password = null
	ssl.truststore.type = JKS

2024-01-12 17:01:14 [restartedMain] INFO  o.a.kafka.common.utils.AppInfoParser -
				Kafka version: 3.4.1
2024-01-12 17:01:14 [restartedMain] INFO  o.a.kafka.common.utils.AppInfoParser -
				Kafka commitId: 8a516edc2755df89
2024-01-12 17:01:14 [restartedMain] INFO  o.a.kafka.common.utils.AppInfoParser -
				Kafka startTimeMs: 1705059074895
2024-01-12 17:01:15 [kafka-admin-client-thread | adminclient-1] INFO  o.apache.kafka.clients.NetworkClient -
				[AdminClient clientId=adminclient-1] Node -1 disconnected.
2024-01-12 17:01:15 [kafka-admin-client-thread | adminclient-1] WARN  o.apache.kafka.clients.NetworkClient -
				[AdminClient clientId=adminclient-1] Connection to node -1 (localhost/127.0.0.1:9092) could not be established. Broker may not be available.
2024-01-12 17:01:15 [kafka-admin-client-thread | adminclient-1] INFO  o.apache.kafka.clients.NetworkClient -
				[AdminClient clientId=adminclient-1] Node -1 disconnected.
2024-01-12 17:01:15 [kafka-admin-client-thread | adminclient-1] WARN  o.apache.kafka.clients.NetworkClient -
				[AdminClient clientId=adminclient-1] Connection to node -1 (localhost/127.0.0.1:9092) could not be established. Broker may not be available.
2024-01-12 17:01:15 [kafka-admin-client-thread | adminclient-1] INFO  o.apache.kafka.clients.NetworkClient -
				[AdminClient clientId=adminclient-1] Node -1 disconnected.
2024-01-12 17:01:15 [kafka-admin-client-thread | adminclient-1] WARN  o.apache.kafka.clients.NetworkClient -
				[AdminClient clientId=adminclient-1] Connection to node -1 (localhost/127.0.0.1:9092) could not be established. Broker may not be available.
2024-01-12 17:01:15 [kafka-admin-client-thread | adminclient-1] INFO  o.apache.kafka.clients.NetworkClient -
				[AdminClient clientId=adminclient-1] Node -1 disconnected.
2024-01-12 17:01:15 [kafka-admin-client-thread | adminclient-1] WARN  o.apache.kafka.clients.NetworkClient -
				[AdminClient clientId=adminclient-1] Connection to node -1 (localhost/127.0.0.1:9092) could not be established. Broker may not be available.
2024-01-12 17:01:16 [kafka-admin-client-thread | adminclient-1] INFO  o.apache.kafka.clients.NetworkClient -
				[AdminClient clientId=adminclient-1] Node -1 disconnected.
2024-01-12 17:01:16 [kafka-admin-client-thread | adminclient-1] WARN  o.apache.kafka.clients.NetworkClient -
				[AdminClient clientId=adminclient-1] Connection to node -1 (localhost/127.0.0.1:9092) could not be established. Broker may not be available.
2024-01-12 17:01:17 [kafka-admin-client-thread | adminclient-1] INFO  o.apache.kafka.clients.NetworkClient -
				[AdminClient clientId=adminclient-1] Node -1 disconnected.
2024-01-12 17:01:17 [kafka-admin-client-thread | adminclient-1] WARN  o.apache.kafka.clients.NetworkClient -
				[AdminClient clientId=adminclient-1] Connection to node -1 (localhost/127.0.0.1:9092) could not be established. Broker may not be available.
2024-01-12 17:01:18 [kafka-admin-client-thread | adminclient-1] INFO  o.apache.kafka.clients.NetworkClient -
				[AdminClient clientId=adminclient-1] Node -1 disconnected.
2024-01-12 17:01:18 [kafka-admin-client-thread | adminclient-1] WARN  o.apache.kafka.clients.NetworkClient -
				[AdminClient clientId=adminclient-1] Connection to node -1 (localhost/127.0.0.1:9092) could not be established. Broker may not be available.
2024-01-12 17:01:19 [kafka-admin-client-thread | adminclient-1] INFO  o.apache.kafka.clients.NetworkClient -
				[AdminClient clientId=adminclient-1] Node -1 disconnected.
2024-01-12 17:01:19 [kafka-admin-client-thread | adminclient-1] WARN  o.apache.kafka.clients.NetworkClient -
				[AdminClient clientId=adminclient-1] Connection to node -1 (localhost/127.0.0.1:9092) could not be established. Broker may not be available.
2024-01-12 17:01:20 [kafka-admin-client-thread | adminclient-1] INFO  o.apache.kafka.clients.NetworkClient -
				[AdminClient clientId=adminclient-1] Node -1 disconnected.
2024-01-12 17:01:20 [kafka-admin-client-thread | adminclient-1] WARN  o.apache.kafka.clients.NetworkClient -
				[AdminClient clientId=adminclient-1] Connection to node -1 (localhost/127.0.0.1:9092) could not be established. Broker may not be available.
2024-01-12 17:01:21 [kafka-admin-client-thread | adminclient-1] INFO  o.apache.kafka.clients.NetworkClient -
				[AdminClient clientId=adminclient-1] Node -1 disconnected.
2024-01-12 17:01:21 [kafka-admin-client-thread | adminclient-1] WARN  o.apache.kafka.clients.NetworkClient -
				[AdminClient clientId=adminclient-1] Connection to node -1 (localhost/127.0.0.1:9092) could not be established. Broker may not be available.
2024-01-12 17:01:22 [kafka-admin-client-thread | adminclient-1] INFO  o.apache.kafka.clients.NetworkClient -
				[AdminClient clientId=adminclient-1] Node -1 disconnected.
2024-01-12 17:01:22 [kafka-admin-client-thread | adminclient-1] WARN  o.apache.kafka.clients.NetworkClient -
				[AdminClient clientId=adminclient-1] Connection to node -1 (localhost/127.0.0.1:9092) could not be established. Broker may not be available.
2024-01-12 17:01:23 [kafka-admin-client-thread | adminclient-1] INFO  o.apache.kafka.clients.NetworkClient -
				[AdminClient clientId=adminclient-1] Node -1 disconnected.
2024-01-12 17:01:23 [kafka-admin-client-thread | adminclient-1] WARN  o.apache.kafka.clients.NetworkClient -
				[AdminClient clientId=adminclient-1] Connection to node -1 (localhost/127.0.0.1:9092) could not be established. Broker may not be available.
2024-01-12 17:01:24 [kafka-admin-client-thread | adminclient-1] INFO  o.apache.kafka.clients.NetworkClient -
				[AdminClient clientId=adminclient-1] Node -1 disconnected.
2024-01-12 17:01:24 [kafka-admin-client-thread | adminclient-1] WARN  o.apache.kafka.clients.NetworkClient -
				[AdminClient clientId=adminclient-1] Connection to node -1 (localhost/127.0.0.1:9092) could not be established. Broker may not be available.
2024-01-12 17:01:25 [kafka-admin-client-thread | adminclient-1] INFO  o.apache.kafka.clients.NetworkClient -
				[AdminClient clientId=adminclient-1] Node -1 disconnected.
2024-01-12 17:01:25 [kafka-admin-client-thread | adminclient-1] WARN  o.apache.kafka.clients.NetworkClient -
				[AdminClient clientId=adminclient-1] Connection to node -1 (localhost/127.0.0.1:9092) could not be established. Broker may not be available.
2024-01-12 17:01:26 [kafka-admin-client-thread | adminclient-1] INFO  o.apache.kafka.clients.NetworkClient -
				[AdminClient clientId=adminclient-1] Node -1 disconnected.
2024-01-12 17:01:26 [kafka-admin-client-thread | adminclient-1] WARN  o.apache.kafka.clients.NetworkClient -
				[AdminClient clientId=adminclient-1] Connection to node -1 (localhost/127.0.0.1:9092) could not be established. Broker may not be available.
2024-01-12 17:01:27 [kafka-admin-client-thread | adminclient-1] INFO  o.apache.kafka.clients.NetworkClient -
				[AdminClient clientId=adminclient-1] Node -1 disconnected.
2024-01-12 17:01:27 [kafka-admin-client-thread | adminclient-1] WARN  o.apache.kafka.clients.NetworkClient -
				[AdminClient clientId=adminclient-1] Connection to node -1 (localhost/127.0.0.1:9092) could not be established. Broker may not be available.
2024-01-12 17:01:28 [kafka-admin-client-thread | adminclient-1] INFO  o.apache.kafka.clients.NetworkClient -
				[AdminClient clientId=adminclient-1] Node -1 disconnected.
2024-01-12 17:01:28 [kafka-admin-client-thread | adminclient-1] WARN  o.apache.kafka.clients.NetworkClient -
				[AdminClient clientId=adminclient-1] Connection to node -1 (localhost/127.0.0.1:9092) could not be established. Broker may not be available.
2024-01-12 17:01:29 [kafka-admin-client-thread | adminclient-1] INFO  o.apache.kafka.clients.NetworkClient -
				[AdminClient clientId=adminclient-1] Node -1 disconnected.
2024-01-12 17:01:29 [kafka-admin-client-thread | adminclient-1] WARN  o.apache.kafka.clients.NetworkClient -
				[AdminClient clientId=adminclient-1] Connection to node -1 (localhost/127.0.0.1:9092) could not be established. Broker may not be available.
2024-01-12 17:01:30 [kafka-admin-client-thread | adminclient-1] INFO  o.apache.kafka.clients.NetworkClient -
				[AdminClient clientId=adminclient-1] Node -1 disconnected.
2024-01-12 17:01:30 [kafka-admin-client-thread | adminclient-1] WARN  o.apache.kafka.clients.NetworkClient -
				[AdminClient clientId=adminclient-1] Connection to node -1 (localhost/127.0.0.1:9092) could not be established. Broker may not be available.
2024-01-12 17:01:31 [kafka-admin-client-thread | adminclient-1] INFO  o.apache.kafka.clients.NetworkClient -
				[AdminClient clientId=adminclient-1] Node -1 disconnected.
2024-01-12 17:01:31 [kafka-admin-client-thread | adminclient-1] WARN  o.apache.kafka.clients.NetworkClient -
				[AdminClient clientId=adminclient-1] Connection to node -1 (localhost/127.0.0.1:9092) could not be established. Broker may not be available.
2024-01-12 17:01:32 [kafka-admin-client-thread | adminclient-1] INFO  o.apache.kafka.clients.NetworkClient -
				[AdminClient clientId=adminclient-1] Node -1 disconnected.
2024-01-12 17:01:32 [kafka-admin-client-thread | adminclient-1] WARN  o.apache.kafka.clients.NetworkClient -
				[AdminClient clientId=adminclient-1] Connection to node -1 (localhost/127.0.0.1:9092) could not be established. Broker may not be available.
2024-01-12 17:01:33 [kafka-admin-client-thread | adminclient-1] INFO  o.apache.kafka.clients.NetworkClient -
				[AdminClient clientId=adminclient-1] Node -1 disconnected.
2024-01-12 17:01:33 [kafka-admin-client-thread | adminclient-1] WARN  o.apache.kafka.clients.NetworkClient -
				[AdminClient clientId=adminclient-1] Connection to node -1 (localhost/127.0.0.1:9092) could not be established. Broker may not be available.
2024-01-12 17:01:35 [kafka-admin-client-thread | adminclient-1] INFO  o.apache.kafka.clients.NetworkClient -
				[AdminClient clientId=adminclient-1] Node -1 disconnected.
2024-01-12 17:01:35 [kafka-admin-client-thread | adminclient-1] WARN  o.apache.kafka.clients.NetworkClient -
				[AdminClient clientId=adminclient-1] Connection to node -1 (localhost/127.0.0.1:9092) could not be established. Broker may not be available.
2024-01-12 17:01:36 [kafka-admin-client-thread | adminclient-1] INFO  o.apache.kafka.clients.NetworkClient -
				[AdminClient clientId=adminclient-1] Node -1 disconnected.
2024-01-12 17:01:36 [kafka-admin-client-thread | adminclient-1] WARN  o.apache.kafka.clients.NetworkClient -
				[AdminClient clientId=adminclient-1] Connection to node -1 (localhost/127.0.0.1:9092) could not be established. Broker may not be available.
2024-01-12 17:01:37 [kafka-admin-client-thread | adminclient-1] INFO  o.apache.kafka.clients.NetworkClient -
				[AdminClient clientId=adminclient-1] Node -1 disconnected.
2024-01-12 17:01:37 [kafka-admin-client-thread | adminclient-1] WARN  o.apache.kafka.clients.NetworkClient -
				[AdminClient clientId=adminclient-1] Connection to node -1 (localhost/127.0.0.1:9092) could not be established. Broker may not be available.
2024-01-12 17:01:38 [kafka-admin-client-thread | adminclient-1] INFO  o.apache.kafka.clients.NetworkClient -
				[AdminClient clientId=adminclient-1] Node -1 disconnected.
2024-01-12 17:01:38 [kafka-admin-client-thread | adminclient-1] WARN  o.apache.kafka.clients.NetworkClient -
				[AdminClient clientId=adminclient-1] Connection to node -1 (localhost/127.0.0.1:9092) could not be established. Broker may not be available.
2024-01-12 17:01:39 [kafka-admin-client-thread | adminclient-1] INFO  o.apache.kafka.clients.NetworkClient -
				[AdminClient clientId=adminclient-1] Node -1 disconnected.
2024-01-12 17:01:39 [kafka-admin-client-thread | adminclient-1] WARN  o.apache.kafka.clients.NetworkClient -
				[AdminClient clientId=adminclient-1] Connection to node -1 (localhost/127.0.0.1:9092) could not be established. Broker may not be available.
2024-01-12 17:01:40 [kafka-admin-client-thread | adminclient-1] INFO  o.apache.kafka.clients.NetworkClient -
				[AdminClient clientId=adminclient-1] Node -1 disconnected.
2024-01-12 17:01:40 [kafka-admin-client-thread | adminclient-1] WARN  o.apache.kafka.clients.NetworkClient -
				[AdminClient clientId=adminclient-1] Connection to node -1 (localhost/127.0.0.1:9092) could not be established. Broker may not be available.
2024-01-12 17:01:42 [kafka-admin-client-thread | adminclient-1] INFO  o.apache.kafka.clients.NetworkClient -
				[AdminClient clientId=adminclient-1] Node -1 disconnected.
2024-01-12 17:01:42 [kafka-admin-client-thread | adminclient-1] WARN  o.apache.kafka.clients.NetworkClient -
				[AdminClient clientId=adminclient-1] Connection to node -1 (localhost/127.0.0.1:9092) could not be established. Broker may not be available.
2024-01-12 17:01:43 [kafka-admin-client-thread | adminclient-1] INFO  o.apache.kafka.clients.NetworkClient -
				[AdminClient clientId=adminclient-1] Node -1 disconnected.
2024-01-12 17:01:43 [kafka-admin-client-thread | adminclient-1] WARN  o.apache.kafka.clients.NetworkClient -
				[AdminClient clientId=adminclient-1] Connection to node -1 (localhost/127.0.0.1:9092) could not be established. Broker may not be available.
2024-01-12 17:01:44 [kafka-admin-client-thread | adminclient-1] INFO  o.apache.kafka.clients.NetworkClient -
				[AdminClient clientId=adminclient-1] Node -1 disconnected.
2024-01-12 17:01:44 [kafka-admin-client-thread | adminclient-1] WARN  o.apache.kafka.clients.NetworkClient -
				[AdminClient clientId=adminclient-1] Connection to node -1 (localhost/127.0.0.1:9092) could not be established. Broker may not be available.
2024-01-12 17:01:44 [kafka-admin-client-thread | adminclient-1] INFO  o.a.k.c.a.i.AdminMetadataManager -
				[AdminClient clientId=adminclient-1] Metadata update failed
org.apache.kafka.common.errors.TimeoutException: Timed out waiting for a node assignment. Call: fetchMetadata
2024-01-12 17:01:45 [restartedMain] ERROR o.s.kafka.core.KafkaAdmin -
				Could not configure topics
java.util.concurrent.TimeoutException: null
	at java.base/java.util.concurrent.CompletableFuture.timedGet(CompletableFuture.java:1960)
	at java.base/java.util.concurrent.CompletableFuture.get(CompletableFuture.java:2095)
	at org.apache.kafka.common.internals.KafkaFutureImpl.get(KafkaFutureImpl.java:180)
	at org.springframework.kafka.core.KafkaAdmin.initialize(KafkaAdmin.java:243)
	at org.springframework.kafka.core.KafkaAdmin.afterSingletonsInstantiated(KafkaAdmin.java:212)
	at org.springframework.beans.factory.support.DefaultListableBeanFactory.preInstantiateSingletons(DefaultListableBeanFactory.java:984)
	at org.springframework.context.support.AbstractApplicationContext.finishBeanFactoryInitialization(AbstractApplicationContext.java:950)
	at org.springframework.context.support.AbstractApplicationContext.refresh(AbstractApplicationContext.java:616)
	at org.springframework.boot.web.servlet.context.ServletWebServerApplicationContext.refresh(ServletWebServerApplicationContext.java:146)
	at org.springframework.boot.SpringApplication.refresh(SpringApplication.java:738)
	at org.springframework.boot.SpringApplication.refreshContext(SpringApplication.java:440)
	at org.springframework.boot.SpringApplication.run(SpringApplication.java:316)
	at org.springframework.boot.SpringApplication.run(SpringApplication.java:1306)
	at org.springframework.boot.SpringApplication.run(SpringApplication.java:1295)
	at com.pack.UserApplication.main(UserApplication.java:22)
	at java.base/jdk.internal.reflect.NativeMethodAccessorImpl.invoke0(Native Method)
	at java.base/jdk.internal.reflect.NativeMethodAccessorImpl.invoke(NativeMethodAccessorImpl.java:77)
	at java.base/jdk.internal.reflect.DelegatingMethodAccessorImpl.invoke(DelegatingMethodAccessorImpl.java:43)
	at java.base/java.lang.reflect.Method.invoke(Method.java:568)
	at org.springframework.boot.devtools.restart.RestartLauncher.run(RestartLauncher.java:50)
2024-01-12 17:01:45 [kafka-admin-client-thread | adminclient-1] INFO  o.apache.kafka.clients.NetworkClient -
				[AdminClient clientId=adminclient-1] Node -1 disconnected.
2024-01-12 17:01:45 [kafka-admin-client-thread | adminclient-1] WARN  o.apache.kafka.clients.NetworkClient -
				[AdminClient clientId=adminclient-1] Connection to node -1 (localhost/127.0.0.1:9092) could not be established. Broker may not be available.
2024-01-12 17:01:45 [kafka-admin-client-thread | adminclient-1] INFO  o.apache.kafka.clients.NetworkClient -
				[AdminClient clientId=adminclient-1] Node -1 disconnected.
2024-01-12 17:01:45 [kafka-admin-client-thread | adminclient-1] WARN  o.apache.kafka.clients.NetworkClient -
				[AdminClient clientId=adminclient-1] Connection to node -1 (localhost/127.0.0.1:9092) could not be established. Broker may not be available.
2024-01-12 17:01:47 [kafka-admin-client-thread | adminclient-1] INFO  o.apache.kafka.clients.NetworkClient -
				[AdminClient clientId=adminclient-1] Node -1 disconnected.
2024-01-12 17:01:47 [kafka-admin-client-thread | adminclient-1] WARN  o.apache.kafka.clients.NetworkClient -
				[AdminClient clientId=adminclient-1] Connection to node -1 (localhost/127.0.0.1:9092) could not be established. Broker may not be available.
2024-01-12 17:01:48 [kafka-admin-client-thread | adminclient-1] INFO  o.apache.kafka.clients.NetworkClient -
				[AdminClient clientId=adminclient-1] Node -1 disconnected.
2024-01-12 17:01:48 [kafka-admin-client-thread | adminclient-1] WARN  o.apache.kafka.clients.NetworkClient -
				[AdminClient clientId=adminclient-1] Connection to node -1 (localhost/127.0.0.1:9092) could not be established. Broker may not be available.
2024-01-12 17:01:49 [kafka-admin-client-thread | adminclient-1] INFO  o.apache.kafka.clients.NetworkClient -
				[AdminClient clientId=adminclient-1] Node -1 disconnected.
2024-01-12 17:01:49 [kafka-admin-client-thread | adminclient-1] WARN  o.apache.kafka.clients.NetworkClient -
				[AdminClient clientId=adminclient-1] Connection to node -1 (localhost/127.0.0.1:9092) could not be established. Broker may not be available.
2024-01-12 17:01:50 [kafka-admin-client-thread | adminclient-1] INFO  o.apache.kafka.clients.NetworkClient -
				[AdminClient clientId=adminclient-1] Node -1 disconnected.
2024-01-12 17:01:50 [kafka-admin-client-thread | adminclient-1] WARN  o.apache.kafka.clients.NetworkClient -
				[AdminClient clientId=adminclient-1] Connection to node -1 (localhost/127.0.0.1:9092) could not be established. Broker may not be available.
2024-01-12 17:01:51 [kafka-admin-client-thread | adminclient-1] INFO  o.apache.kafka.clients.NetworkClient -
				[AdminClient clientId=adminclient-1] Node -1 disconnected.
2024-01-12 17:01:51 [kafka-admin-client-thread | adminclient-1] WARN  o.apache.kafka.clients.NetworkClient -
				[AdminClient clientId=adminclient-1] Connection to node -1 (localhost/127.0.0.1:9092) could not be established. Broker may not be available.
2024-01-12 17:01:52 [kafka-admin-client-thread | adminclient-1] INFO  o.apache.kafka.clients.NetworkClient -
				[AdminClient clientId=adminclient-1] Node -1 disconnected.
2024-01-12 17:01:52 [kafka-admin-client-thread | adminclient-1] WARN  o.apache.kafka.clients.NetworkClient -
				[AdminClient clientId=adminclient-1] Connection to node -1 (localhost/127.0.0.1:9092) could not be established. Broker may not be available.
2024-01-12 17:01:54 [kafka-admin-client-thread | adminclient-1] INFO  o.apache.kafka.clients.NetworkClient -
				[AdminClient clientId=adminclient-1] Node -1 disconnected.
2024-01-12 17:01:54 [kafka-admin-client-thread | adminclient-1] WARN  o.apache.kafka.clients.NetworkClient -
				[AdminClient clientId=adminclient-1] Connection to node -1 (localhost/127.0.0.1:9092) could not be established. Broker may not be available.
2024-01-12 17:01:54 [kafka-admin-client-thread | adminclient-1] INFO  o.apache.kafka.clients.NetworkClient -
				[AdminClient clientId=adminclient-1] Node -1 disconnected.
2024-01-12 17:01:54 [kafka-admin-client-thread | adminclient-1] WARN  o.apache.kafka.clients.NetworkClient -
				[AdminClient clientId=adminclient-1] Connection to node -1 (localhost/127.0.0.1:9092) could not be established. Broker may not be available.
2024-01-12 17:01:55 [kafka-admin-client-thread | adminclient-1] INFO  o.a.k.clients.admin.KafkaAdminClient -
				[AdminClient clientId=adminclient-1] Forcing a hard I/O thread shutdown. Requests in progress will be aborted.
2024-01-12 17:01:55 [kafka-admin-client-thread | adminclient-1] INFO  o.a.kafka.common.utils.AppInfoParser -
				App info kafka.admin.client for adminclient-1 unregistered
2024-01-12 17:01:55 [kafka-admin-client-thread | adminclient-1] INFO  o.a.k.c.a.i.AdminMetadataManager -
				[AdminClient clientId=adminclient-1] Metadata update failed
org.apache.kafka.common.errors.TimeoutException: The AdminClient thread has exited. Call: fetchMetadata
2024-01-12 17:01:55 [kafka-admin-client-thread | adminclient-1] INFO  o.a.k.clients.admin.KafkaAdminClient -
				[AdminClient clientId=adminclient-1] Timed out 2 remaining operation(s) during close.
2024-01-12 17:01:55 [kafka-admin-client-thread | adminclient-1] INFO  o.a.kafka.common.metrics.Metrics -
				Metrics scheduler closed
2024-01-12 17:01:55 [kafka-admin-client-thread | adminclient-1] INFO  o.a.kafka.common.metrics.Metrics -
				Closing reporter org.apache.kafka.common.metrics.JmxReporter
2024-01-12 17:01:55 [kafka-admin-client-thread | adminclient-1] INFO  o.a.kafka.common.metrics.Metrics -
				Metrics reporters closed
2024-01-12 17:01:55 [restartedMain] INFO  o.s.c.n.eureka.InstanceInfoFactory -
				Setting initial instance status as: STARTING
2024-01-12 17:01:56 [restartedMain] INFO  c.netflix.discovery.DiscoveryClient -
				Initializing Eureka in region us-east-1
2024-01-12 17:01:56 [restartedMain] INFO  c.n.d.s.r.aws.ConfigClusterResolver -
				Resolving eureka endpoints via configuration
2024-01-12 17:01:56 [restartedMain] INFO  c.netflix.discovery.DiscoveryClient -
				Disable delta property : false
2024-01-12 17:01:56 [restartedMain] INFO  c.netflix.discovery.DiscoveryClient -
				Single vip registry refresh property : null
2024-01-12 17:01:56 [restartedMain] INFO  c.netflix.discovery.DiscoveryClient -
				Force full registry fetch : false
2024-01-12 17:01:56 [restartedMain] INFO  c.netflix.discovery.DiscoveryClient -
				Application is null : false
2024-01-12 17:01:56 [restartedMain] INFO  c.netflix.discovery.DiscoveryClient -
				Registered Applications size is zero : true
2024-01-12 17:01:56 [restartedMain] INFO  c.netflix.discovery.DiscoveryClient -
				Application version is -1: true
2024-01-12 17:01:56 [restartedMain] INFO  c.netflix.discovery.DiscoveryClient -
				Getting all instance registry info from the eureka server
2024-01-12 17:01:58 [restartedMain] INFO  c.netflix.discovery.DiscoveryClient -
				The response status is 200
2024-01-12 17:01:58 [restartedMain] INFO  c.netflix.discovery.DiscoveryClient -
				Starting heartbeat executor: renew interval is: 30
2024-01-12 17:01:58 [restartedMain] INFO  c.n.discovery.InstanceInfoReplicator -
				InstanceInfoReplicator onDemand update allowed rate per min is 4
2024-01-12 17:01:58 [restartedMain] INFO  c.netflix.discovery.DiscoveryClient -
				Discovery Client initialized at timestamp 1705059118566 with initial instances count: 3
2024-01-12 17:01:58 [restartedMain] INFO  o.s.c.n.e.s.EurekaServiceRegistry -
				Registering application USER-SERVICE with eureka with status UP
2024-01-12 17:01:58 [restartedMain] INFO  c.netflix.discovery.DiscoveryClient -
				Saw local status change event StatusChangeEvent [timestamp=1705059118631, current=UP, previous=STARTING]
2024-01-12 17:01:58 [DiscoveryClient-InstanceInfoReplicator-0] INFO  c.netflix.discovery.DiscoveryClient -
				DiscoveryClient_USER-SERVICE/DYNAMO:user-service:8085: registering service...
2024-01-12 17:01:58 [restartedMain] INFO  o.a.coyote.http11.Http11NioProtocol -
				Starting ProtocolHandler ["http-nio-8085"]
2024-01-12 17:01:58 [restartedMain] INFO  o.s.b.w.e.tomcat.TomcatWebServer -
				Tomcat started on port(s): 8085 (http) with context path ''
2024-01-12 17:01:58 [restartedMain] INFO  o.s.c.n.e.s.EurekaAutoServiceRegistration -
				Updating port to 8085
2024-01-12 17:01:58 [DiscoveryClient-InstanceInfoReplicator-0] INFO  c.netflix.discovery.DiscoveryClient -
				DiscoveryClient_USER-SERVICE/DYNAMO:user-service:8085 - registration status: 204
2024-01-12 17:01:59 [restartedMain] INFO  com.pack.UserApplication -
				Started UserApplication in 84.963 seconds (process running for 86.888)
2024-01-12 17:06:56 [AsyncResolver-bootstrap-executor-0] INFO  c.n.d.s.r.aws.ConfigClusterResolver -
				Resolving eureka endpoints via configuration
2024-01-12 17:13:16 [HikariPool-1 housekeeper] WARN  com.zaxxer.hikari.pool.HikariPool -
				HikariPool-1 - Thread starvation or clock leap detected (housekeeper delta=1m55s426ms161µs800ns).
2024-01-12 17:13:22 [AsyncResolver-bootstrap-executor-0] INFO  c.n.d.s.r.aws.ConfigClusterResolver -
				Resolving eureka endpoints via configuration
2024-01-12 17:28:10 [HikariPool-1 housekeeper] WARN  com.zaxxer.hikari.pool.HikariPool -
				HikariPool-1 - Thread starvation or clock leap detected (housekeeper delta=11m23s957ms487µs300ns).
2024-01-12 17:29:16 [AsyncResolver-bootstrap-executor-0] INFO  c.n.d.s.r.aws.ConfigClusterResolver -
				Resolving eureka endpoints via configuration
2024-01-12 17:34:16 [AsyncResolver-bootstrap-executor-0] INFO  c.n.d.s.r.aws.ConfigClusterResolver -
				Resolving eureka endpoints via configuration
2024-01-12 17:39:16 [AsyncResolver-bootstrap-executor-0] INFO  c.n.d.s.r.aws.ConfigClusterResolver -
				Resolving eureka endpoints via configuration
2024-01-12 17:44:16 [AsyncResolver-bootstrap-executor-0] INFO  c.n.d.s.r.aws.ConfigClusterResolver -
				Resolving eureka endpoints via configuration
2024-01-12 17:49:16 [AsyncResolver-bootstrap-executor-0] INFO  c.n.d.s.r.aws.ConfigClusterResolver -
				Resolving eureka endpoints via configuration
