2024-01-14 20:15:15 [background-preinit] INFO  o.h.validator.internal.util.Version -
				HV000001: Hibernate Validator 8.0.1.Final
2024-01-14 20:15:15 [restartedMain] INFO  com.pack.EventApplication -
				Starting EventApplication using Java 17.0.5 with PID 776 (F:\Ankita\event-app\EventApp-main\EventMicroservice\target\classes started by HITESH in F:\Ankita\event-app\EventApp-main\EventMicroservice)
2024-01-14 20:15:15 [restartedMain] INFO  com.pack.EventApplication -
				No active profile set, falling back to 1 default profile: "default"
2024-01-14 20:15:16 [restartedMain] INFO  o.s.b.d.e.DevToolsPropertyDefaultsPostProcessor -
				Devtools property defaults active! Set 'spring.devtools.add-properties' to 'false' to disable
2024-01-14 20:15:16 [restartedMain] INFO  o.s.b.d.e.DevToolsPropertyDefaultsPostProcessor -
				For additional web related logging consider setting the 'logging.level.web' property to 'DEBUG'
2024-01-14 20:15:21 [restartedMain] INFO  o.s.cloud.context.scope.GenericScope -
				BeanFactory id=44e9fd5e-cb35-3cb5-8990-5a311eeb035f
2024-01-14 20:15:26 [restartedMain] INFO  o.s.b.w.e.tomcat.TomcatWebServer -
				Tomcat initialized with port(s): 8087 (http)
2024-01-14 20:15:26 [restartedMain] INFO  o.a.coyote.http11.Http11NioProtocol -
				Initializing ProtocolHandler ["http-nio-8087"]
2024-01-14 20:15:26 [restartedMain] INFO  o.a.catalina.core.StandardService -
				Starting service [Tomcat]
2024-01-14 20:15:26 [restartedMain] INFO  o.a.catalina.core.StandardEngine -
				Starting Servlet engine: [Apache Tomcat/10.1.16]
2024-01-14 20:15:27 [restartedMain] INFO  o.a.c.c.C.[Tomcat].[localhost].[/] -
				Initializing Spring embedded WebApplicationContext
2024-01-14 20:15:27 [restartedMain] INFO  o.s.b.w.s.c.ServletWebServerApplicationContext -
				Root WebApplicationContext: initialization completed in 10623 ms
2024-01-14 20:15:36 [restartedMain] INFO  o.s.b.d.a.OptionalLiveReloadServer -
				LiveReload server is running on port 35729
2024-01-14 20:15:38 [restartedMain] INFO  o.s.c.n.e.c.DiscoveryClientOptionalArgsConfiguration -
				Eureka HTTP Client uses RestTemplate.
2024-01-14 20:15:39 [restartedMain] WARN  o.s.c.l.c.LoadBalancerCacheAutoConfiguration$LoadBalancerCaffeineWarnLogger -
				Spring Cloud LoadBalancer is currently working with the default cache. While this cache implementation is useful for development and tests, it's recommended to use Caffeine cache in production.You can switch to using Caffeine cache, by adding it and org.springframework.cache.caffeine.CaffeineCacheManager to the classpath.
2024-01-14 20:15:39 [restartedMain] INFO  o.s.c.n.eureka.InstanceInfoFactory -
				Setting initial instance status as: STARTING
2024-01-14 20:15:40 [restartedMain] INFO  c.netflix.discovery.DiscoveryClient -
				Initializing Eureka in region us-east-1
2024-01-14 20:15:40 [restartedMain] INFO  c.n.d.s.r.aws.ConfigClusterResolver -
				Resolving eureka endpoints via configuration
2024-01-14 20:15:40 [restartedMain] INFO  c.netflix.discovery.DiscoveryClient -
				Disable delta property : false
2024-01-14 20:15:40 [restartedMain] INFO  c.netflix.discovery.DiscoveryClient -
				Single vip registry refresh property : null
2024-01-14 20:15:40 [restartedMain] INFO  c.netflix.discovery.DiscoveryClient -
				Force full registry fetch : false
2024-01-14 20:15:40 [restartedMain] INFO  c.netflix.discovery.DiscoveryClient -
				Application is null : false
2024-01-14 20:15:40 [restartedMain] INFO  c.netflix.discovery.DiscoveryClient -
				Registered Applications size is zero : true
2024-01-14 20:15:40 [restartedMain] INFO  c.netflix.discovery.DiscoveryClient -
				Application version is -1: true
2024-01-14 20:15:40 [restartedMain] INFO  c.netflix.discovery.DiscoveryClient -
				Getting all instance registry info from the eureka server
2024-01-14 20:15:45 [restartedMain] INFO  c.netflix.discovery.DiscoveryClient -
				The response status is 200
2024-01-14 20:15:45 [restartedMain] INFO  c.netflix.discovery.DiscoveryClient -
				Starting heartbeat executor: renew interval is: 30
2024-01-14 20:15:46 [restartedMain] INFO  c.n.discovery.InstanceInfoReplicator -
				InstanceInfoReplicator onDemand update allowed rate per min is 4
2024-01-14 20:15:46 [restartedMain] INFO  c.netflix.discovery.DiscoveryClient -
				Discovery Client initialized at timestamp 1705243546084 with initial instances count: 1
2024-01-14 20:15:46 [restartedMain] INFO  o.s.c.n.e.s.EurekaServiceRegistry -
				Registering application EVENT-SERVICE with eureka with status UP
2024-01-14 20:15:46 [restartedMain] INFO  c.netflix.discovery.DiscoveryClient -
				Saw local status change event StatusChangeEvent [timestamp=1705243546108, current=UP, previous=STARTING]
2024-01-14 20:15:46 [restartedMain] INFO  o.a.coyote.http11.Http11NioProtocol -
				Starting ProtocolHandler ["http-nio-8087"]
2024-01-14 20:15:46 [DiscoveryClient-InstanceInfoReplicator-0] INFO  c.netflix.discovery.DiscoveryClient -
				DiscoveryClient_EVENT-SERVICE/DYNAMO:event-service:8087: registering service...
2024-01-14 20:15:46 [restartedMain] INFO  o.s.b.w.e.tomcat.TomcatWebServer -
				Tomcat started on port(s): 8087 (http) with context path ''
2024-01-14 20:15:46 [restartedMain] INFO  o.s.c.n.e.s.EurekaAutoServiceRegistration -
				Updating port to 8087
2024-01-14 20:15:46 [DiscoveryClient-InstanceInfoReplicator-0] INFO  c.netflix.discovery.DiscoveryClient -
				DiscoveryClient_EVENT-SERVICE/DYNAMO:event-service:8087 - registration status: 204
2024-01-14 20:15:47 [restartedMain] INFO  com.pack.EventApplication -
				Started EventApplication in 34.104 seconds (process running for 36.789)
2024-01-14 20:20:40 [AsyncResolver-bootstrap-executor-0] INFO  c.n.d.s.r.aws.ConfigClusterResolver -
				Resolving eureka endpoints via configuration
2024-01-14 20:23:19 [http-nio-8087-exec-1] INFO  o.a.c.c.C.[Tomcat].[localhost].[/] -
				Initializing Spring DispatcherServlet 'dispatcherServlet'
2024-01-14 20:23:19 [http-nio-8087-exec-1] INFO  o.s.web.servlet.DispatcherServlet -
				Initializing Servlet 'dispatcherServlet'
2024-01-14 20:23:19 [http-nio-8087-exec-1] INFO  o.s.web.servlet.DispatcherServlet -
				Completed initialization in 2 ms
2024-01-14 20:25:40 [AsyncResolver-bootstrap-executor-0] INFO  c.n.d.s.r.aws.ConfigClusterResolver -
				Resolving eureka endpoints via configuration
2024-01-14 20:30:40 [AsyncResolver-bootstrap-executor-0] INFO  c.n.d.s.r.aws.ConfigClusterResolver -
				Resolving eureka endpoints via configuration
2024-01-14 20:35:40 [AsyncResolver-bootstrap-executor-0] INFO  c.n.d.s.r.aws.ConfigClusterResolver -
				Resolving eureka endpoints via configuration
2024-01-14 20:40:40 [AsyncResolver-bootstrap-executor-0] INFO  c.n.d.s.r.aws.ConfigClusterResolver -
				Resolving eureka endpoints via configuration
2024-01-14 20:45:40 [AsyncResolver-bootstrap-executor-0] INFO  c.n.d.s.r.aws.ConfigClusterResolver -
				Resolving eureka endpoints via configuration
2024-01-14 20:49:19 [File Watcher] INFO  o.s.b.d.a.LocalDevToolsAutoConfiguration$RestartingClassPathChangeChangedEventListener -
				Restarting due to 3 class path changes (0 additions, 0 deletions, 3 modifications)
2024-01-14 20:49:19 [Thread-6] INFO  o.s.c.n.e.s.EurekaServiceRegistry -
				Unregistering application EVENT-SERVICE with eureka with status DOWN
2024-01-14 20:49:19 [Thread-6] INFO  c.netflix.discovery.DiscoveryClient -
				Saw local status change event StatusChangeEvent [timestamp=1705245559485, current=DOWN, previous=UP]
2024-01-14 20:49:19 [DiscoveryClient-InstanceInfoReplicator-0] INFO  c.netflix.discovery.DiscoveryClient -
				DiscoveryClient_EVENT-SERVICE/DYNAMO:event-service:8087: registering service...
2024-01-14 20:49:19 [DiscoveryClient-InstanceInfoReplicator-0] INFO  c.netflix.discovery.DiscoveryClient -
				DiscoveryClient_EVENT-SERVICE/DYNAMO:event-service:8087 - registration status: 204
2024-01-14 20:49:19 [Thread-6] INFO  o.a.coyote.http11.Http11NioProtocol -
				Pausing ProtocolHandler ["http-nio-8087"]
2024-01-14 20:49:19 [Thread-6] INFO  o.a.catalina.core.StandardService -
				Stopping service [Tomcat]
2024-01-14 20:49:19 [Thread-6] INFO  o.a.c.c.C.[Tomcat].[localhost].[/] -
				Destroying Spring FrameworkServlet 'dispatcherServlet'
2024-01-14 20:49:19 [Thread-6] INFO  o.a.coyote.http11.Http11NioProtocol -
				Stopping ProtocolHandler ["http-nio-8087"]
2024-01-14 20:49:19 [Thread-6] INFO  o.a.coyote.http11.Http11NioProtocol -
				Destroying ProtocolHandler ["http-nio-8087"]
2024-01-14 20:49:19 [Thread-6] INFO  c.netflix.discovery.DiscoveryClient -
				Shutting down DiscoveryClient ...
2024-01-14 20:49:22 [Thread-6] INFO  c.netflix.discovery.DiscoveryClient -
				Unregistering ...
2024-01-14 20:49:22 [Thread-6] INFO  c.netflix.discovery.DiscoveryClient -
				DiscoveryClient_EVENT-SERVICE/DYNAMO:event-service:8087 - deregister  status: 200
2024-01-14 20:49:22 [Thread-6] INFO  c.netflix.discovery.DiscoveryClient -
				Completed shut down of DiscoveryClient
2024-01-14 20:49:24 [restartedMain] INFO  com.pack.EventApplication -
				Starting EventApplication using Java 17.0.5 with PID 776 (F:\Ankita\event-app\EventApp-main\EventMicroservice\target\classes started by HITESH in F:\Ankita\event-app\EventApp-main\EventMicroservice)
2024-01-14 20:49:24 [restartedMain] INFO  com.pack.EventApplication -
				No active profile set, falling back to 1 default profile: "default"
2024-01-14 20:49:27 [restartedMain] INFO  o.s.cloud.context.scope.GenericScope -
				BeanFactory id=44e9fd5e-cb35-3cb5-8990-5a311eeb035f
2024-01-14 20:49:27 [restartedMain] INFO  o.s.b.w.e.tomcat.TomcatWebServer -
				Tomcat initialized with port(s): 8087 (http)
2024-01-14 20:49:27 [restartedMain] INFO  o.a.coyote.http11.Http11NioProtocol -
				Initializing ProtocolHandler ["http-nio-8087"]
2024-01-14 20:49:27 [restartedMain] INFO  o.a.catalina.core.StandardService -
				Starting service [Tomcat]
2024-01-14 20:49:27 [restartedMain] INFO  o.a.catalina.core.StandardEngine -
				Starting Servlet engine: [Apache Tomcat/10.1.16]
2024-01-14 20:49:27 [restartedMain] INFO  o.a.c.c.C.[Tomcat].[localhost].[/] -
				Initializing Spring embedded WebApplicationContext
2024-01-14 20:49:27 [restartedMain] INFO  o.s.b.w.s.c.ServletWebServerApplicationContext -
				Root WebApplicationContext: initialization completed in 3234 ms
2024-01-14 20:49:28 [restartedMain] INFO  o.s.b.d.a.OptionalLiveReloadServer -
				LiveReload server is running on port 35729
2024-01-14 20:49:29 [restartedMain] INFO  o.s.c.n.e.c.DiscoveryClientOptionalArgsConfiguration -
				Eureka HTTP Client uses RestTemplate.
2024-01-14 20:49:29 [restartedMain] WARN  o.s.c.l.c.LoadBalancerCacheAutoConfiguration$LoadBalancerCaffeineWarnLogger -
				Spring Cloud LoadBalancer is currently working with the default cache. While this cache implementation is useful for development and tests, it's recommended to use Caffeine cache in production.You can switch to using Caffeine cache, by adding it and org.springframework.cache.caffeine.CaffeineCacheManager to the classpath.
2024-01-14 20:49:29 [restartedMain] INFO  o.s.c.n.eureka.InstanceInfoFactory -
				Setting initial instance status as: STARTING
2024-01-14 20:49:29 [restartedMain] INFO  c.netflix.discovery.DiscoveryClient -
				Initializing Eureka in region us-east-1
2024-01-14 20:49:29 [restartedMain] INFO  c.n.d.s.r.aws.ConfigClusterResolver -
				Resolving eureka endpoints via configuration
2024-01-14 20:49:30 [restartedMain] INFO  c.netflix.discovery.DiscoveryClient -
				Disable delta property : false
2024-01-14 20:49:30 [restartedMain] INFO  c.netflix.discovery.DiscoveryClient -
				Single vip registry refresh property : null
2024-01-14 20:49:30 [restartedMain] INFO  c.netflix.discovery.DiscoveryClient -
				Force full registry fetch : false
2024-01-14 20:49:30 [restartedMain] INFO  c.netflix.discovery.DiscoveryClient -
				Application is null : false
2024-01-14 20:49:30 [restartedMain] INFO  c.netflix.discovery.DiscoveryClient -
				Registered Applications size is zero : true
2024-01-14 20:49:30 [restartedMain] INFO  c.netflix.discovery.DiscoveryClient -
				Application version is -1: true
2024-01-14 20:49:30 [restartedMain] INFO  c.netflix.discovery.DiscoveryClient -
				Getting all instance registry info from the eureka server
2024-01-14 20:49:30 [restartedMain] INFO  c.netflix.discovery.DiscoveryClient -
				The response status is 200
2024-01-14 20:49:30 [restartedMain] INFO  c.netflix.discovery.DiscoveryClient -
				Starting heartbeat executor: renew interval is: 30
2024-01-14 20:49:30 [restartedMain] INFO  c.n.discovery.InstanceInfoReplicator -
				InstanceInfoReplicator onDemand update allowed rate per min is 4
2024-01-14 20:49:30 [restartedMain] INFO  c.netflix.discovery.DiscoveryClient -
				Discovery Client initialized at timestamp 1705245570134 with initial instances count: 5
2024-01-14 20:49:30 [restartedMain] INFO  o.s.c.n.e.s.EurekaServiceRegistry -
				Registering application EVENT-SERVICE with eureka with status UP
2024-01-14 20:49:30 [restartedMain] INFO  c.netflix.discovery.DiscoveryClient -
				Saw local status change event StatusChangeEvent [timestamp=1705245570142, current=UP, previous=STARTING]
2024-01-14 20:49:30 [restartedMain] INFO  o.a.coyote.http11.Http11NioProtocol -
				Starting ProtocolHandler ["http-nio-8087"]
2024-01-14 20:49:30 [restartedMain] INFO  o.s.b.w.e.tomcat.TomcatWebServer -
				Tomcat started on port(s): 8087 (http) with context path ''
2024-01-14 20:49:30 [restartedMain] INFO  o.s.c.n.e.s.EurekaAutoServiceRegistration -
				Updating port to 8087
2024-01-14 20:49:30 [DiscoveryClient-InstanceInfoReplicator-0] INFO  c.netflix.discovery.DiscoveryClient -
				DiscoveryClient_EVENT-SERVICE/DYNAMO:event-service:8087: registering service...
2024-01-14 20:49:30 [DiscoveryClient-InstanceInfoReplicator-0] INFO  c.netflix.discovery.DiscoveryClient -
				DiscoveryClient_EVENT-SERVICE/DYNAMO:event-service:8087 - registration status: 204
2024-01-14 20:49:30 [restartedMain] INFO  com.pack.EventApplication -
				Started EventApplication in 7.588 seconds (process running for 2059.517)
2024-01-14 20:49:30 [restartedMain] INFO  o.s.b.d.a.ConditionEvaluationDeltaLoggingListener -
				Condition evaluation unchanged
