2023-12-08 14:53:09 [background-preinit] INFO  o.h.validator.internal.util.Version -
				HV000001: Hibernate Validator 8.0.1.Final
2023-12-08 14:53:09 [restartedMain] INFO  com.pack.WishListApplication -
				Starting WishListApplication using Java 17.0.7 with PID 10216 (C:\Users\2063216\EventApp-workspace\EventWishListMicroservice\target\classes started by 2063216 in C:\Users\2063216\EventApp-workspace\EventWishListMicroservice)
2023-12-08 14:53:09 [restartedMain] INFO  com.pack.WishListApplication -
				No active profile set, falling back to 1 default profile: "default"
2023-12-08 14:53:09 [restartedMain] INFO  o.s.b.d.e.DevToolsPropertyDefaultsPostProcessor -
				Devtools property defaults active! Set 'spring.devtools.add-properties' to 'false' to disable
2023-12-08 14:53:09 [restartedMain] INFO  o.s.b.d.e.DevToolsPropertyDefaultsPostProcessor -
				For additional web related logging consider setting the 'logging.level.web' property to 'DEBUG'
2023-12-08 14:53:10 [restartedMain] INFO  o.s.d.r.c.RepositoryConfigurationDelegate -
				Bootstrapping Spring Data JPA repositories in DEFAULT mode.
2023-12-08 14:53:11 [restartedMain] INFO  o.s.d.r.c.RepositoryConfigurationDelegate -
				Finished Spring Data repository scanning in 250 ms. Found 1 JPA repository interface.
2023-12-08 14:53:11 [restartedMain] INFO  o.s.cloud.context.scope.GenericScope -
				BeanFactory id=97c0aa1d-0aa4-3210-b653-49b6bdeaf9a5
2023-12-08 14:53:12 [restartedMain] INFO  o.s.b.w.e.tomcat.TomcatWebServer -
				Tomcat initialized with port(s): 8088 (http)
2023-12-08 14:53:12 [restartedMain] INFO  o.a.coyote.http11.Http11NioProtocol -
				Initializing ProtocolHandler ["http-nio-8088"]
2023-12-08 14:53:12 [restartedMain] INFO  o.a.catalina.core.StandardService -
				Starting service [Tomcat]
2023-12-08 14:53:12 [restartedMain] INFO  o.a.catalina.core.StandardEngine -
				Starting Servlet engine: [Apache Tomcat/10.1.16]
2023-12-08 14:53:12 [restartedMain] INFO  o.a.c.c.C.[Tomcat].[localhost].[/] -
				Initializing Spring embedded WebApplicationContext
2023-12-08 14:53:12 [restartedMain] INFO  o.s.b.w.s.c.ServletWebServerApplicationContext -
				Root WebApplicationContext: initialization completed in 2768 ms
2023-12-08 14:53:12 [restartedMain] INFO  o.h.jpa.internal.util.LogHelper -
				HHH000204: Processing PersistenceUnitInfo [name: default]
2023-12-08 14:53:12 [restartedMain] INFO  org.hibernate.Version -
				HHH000412: Hibernate ORM core version 6.2.13.Final
2023-12-08 14:53:12 [restartedMain] INFO  org.hibernate.cfg.Environment -
				HHH000406: Using bytecode reflection optimizer
2023-12-08 14:53:13 [restartedMain] INFO  o.s.o.j.p.SpringPersistenceUnitInfo -
				No LoadTimeWeaver setup: ignoring JPA class transformer
2023-12-08 14:53:13 [restartedMain] INFO  com.zaxxer.hikari.HikariDataSource -
				HikariPool-1 - Starting...
2023-12-08 14:53:13 [restartedMain] INFO  com.zaxxer.hikari.pool.HikariPool -
				HikariPool-1 - Added connection com.mysql.cj.jdbc.ConnectionImpl@6072cfa5
2023-12-08 14:53:13 [restartedMain] INFO  com.zaxxer.hikari.HikariDataSource -
				HikariPool-1 - Start completed.
2023-12-08 14:53:13 [restartedMain] WARN  org.hibernate.orm.deprecation -
				HHH90000025: MySQL8Dialect does not need to be specified explicitly using 'hibernate.dialect' (remove the property setting and it will be selected by default)
2023-12-08 14:53:13 [restartedMain] WARN  org.hibernate.orm.deprecation -
				HHH90000026: MySQL8Dialect has been deprecated; use org.hibernate.dialect.MySQLDialect instead
2023-12-08 14:53:15 [restartedMain] INFO  o.h.e.t.j.p.i.JtaPlatformInitiator -
				HHH000489: No JTA platform available (set 'hibernate.transaction.jta.platform' to enable JTA platform integration)
2023-12-08 14:53:15 [restartedMain] INFO  o.s.o.j.LocalContainerEntityManagerFactoryBean -
				Initialized JPA EntityManagerFactory for persistence unit 'default'
2023-12-08 14:53:16 [restartedMain] WARN  o.s.b.a.o.j.JpaBaseConfiguration$JpaWebConfiguration -
				spring.jpa.open-in-view is enabled by default. Therefore, database queries may be performed during view rendering. Explicitly configure spring.jpa.open-in-view to disable this warning
2023-12-08 14:53:17 [restartedMain] WARN  o.s.b.d.a.OptionalLiveReloadServer -
				Unable to start LiveReload server
2023-12-08 14:53:17 [restartedMain] INFO  o.s.c.n.e.c.DiscoveryClientOptionalArgsConfiguration -
				Eureka HTTP Client uses RestTemplate.
2023-12-08 14:53:17 [restartedMain] WARN  o.s.c.l.c.LoadBalancerCacheAutoConfiguration$LoadBalancerCaffeineWarnLogger -
				Spring Cloud LoadBalancer is currently working with the default cache. While this cache implementation is useful for development and tests, it's recommended to use Caffeine cache in production.You can switch to using Caffeine cache, by adding it and org.springframework.cache.caffeine.CaffeineCacheManager to the classpath.
2023-12-08 14:53:17 [restartedMain] INFO  o.s.c.n.eureka.InstanceInfoFactory -
				Setting initial instance status as: STARTING
2023-12-08 14:53:18 [restartedMain] INFO  c.netflix.discovery.DiscoveryClient -
				Initializing Eureka in region us-east-1
2023-12-08 14:53:18 [restartedMain] INFO  c.n.d.s.r.aws.ConfigClusterResolver -
				Resolving eureka endpoints via configuration
2023-12-08 14:53:18 [restartedMain] INFO  c.netflix.discovery.DiscoveryClient -
				Disable delta property : false
2023-12-08 14:53:18 [restartedMain] INFO  c.netflix.discovery.DiscoveryClient -
				Single vip registry refresh property : null
2023-12-08 14:53:18 [restartedMain] INFO  c.netflix.discovery.DiscoveryClient -
				Force full registry fetch : false
2023-12-08 14:53:18 [restartedMain] INFO  c.netflix.discovery.DiscoveryClient -
				Application is null : false
2023-12-08 14:53:18 [restartedMain] INFO  c.netflix.discovery.DiscoveryClient -
				Registered Applications size is zero : true
2023-12-08 14:53:18 [restartedMain] INFO  c.netflix.discovery.DiscoveryClient -
				Application version is -1: true
2023-12-08 14:53:18 [restartedMain] INFO  c.netflix.discovery.DiscoveryClient -
				Getting all instance registry info from the eureka server
2023-12-08 14:53:18 [restartedMain] INFO  c.netflix.discovery.DiscoveryClient -
				The response status is 200
2023-12-08 14:53:18 [restartedMain] INFO  c.netflix.discovery.DiscoveryClient -
				Starting heartbeat executor: renew interval is: 30
2023-12-08 14:53:18 [restartedMain] INFO  c.n.discovery.InstanceInfoReplicator -
				InstanceInfoReplicator onDemand update allowed rate per min is 4
2023-12-08 14:53:18 [restartedMain] INFO  c.netflix.discovery.DiscoveryClient -
				Discovery Client initialized at timestamp 1702027398668 with initial instances count: 1
2023-12-08 14:53:18 [restartedMain] INFO  o.s.c.n.e.s.EurekaServiceRegistry -
				Registering application WISHLIST-SERVICE with eureka with status UP
2023-12-08 14:53:18 [restartedMain] INFO  c.netflix.discovery.DiscoveryClient -
				Saw local status change event StatusChangeEvent [timestamp=1702027398677, current=UP, previous=STARTING]
2023-12-08 14:53:18 [restartedMain] INFO  o.a.coyote.http11.Http11NioProtocol -
				Starting ProtocolHandler ["http-nio-8088"]
2023-12-08 14:53:18 [DiscoveryClient-InstanceInfoReplicator-0] INFO  c.netflix.discovery.DiscoveryClient -
				DiscoveryClient_WISHLIST-SERVICE/LTIN369346.cts.com:wishlist-service:8088: registering service...
2023-12-08 14:53:18 [restartedMain] INFO  o.s.b.w.e.tomcat.TomcatWebServer -
				Tomcat started on port(s): 8088 (http) with context path ''
2023-12-08 14:53:18 [restartedMain] INFO  o.s.c.n.e.s.EurekaAutoServiceRegistration -
				Updating port to 8088
2023-12-08 14:53:18 [DiscoveryClient-InstanceInfoReplicator-0] INFO  c.netflix.discovery.DiscoveryClient -
				DiscoveryClient_WISHLIST-SERVICE/LTIN369346.cts.com:wishlist-service:8088 - registration status: 204
2023-12-08 14:53:18 [restartedMain] INFO  com.pack.WishListApplication -
				Started WishListApplication in 10.072 seconds (process running for 11.794)
2023-12-08 14:58:01 [File Watcher] INFO  o.s.b.d.a.LocalDevToolsAutoConfiguration$RestartingClassPathChangeChangedEventListener -
				Restarting due to 1 class path change (0 additions, 0 deletions, 1 modification)
2023-12-08 14:58:01 [Thread-1] INFO  o.s.c.n.e.s.EurekaServiceRegistry -
				Unregistering application WISHLIST-SERVICE with eureka with status DOWN
2023-12-08 14:58:01 [Thread-1] INFO  c.netflix.discovery.DiscoveryClient -
				Saw local status change event StatusChangeEvent [timestamp=1702027681520, current=DOWN, previous=UP]
2023-12-08 14:58:01 [DiscoveryClient-InstanceInfoReplicator-0] INFO  c.netflix.discovery.DiscoveryClient -
				DiscoveryClient_WISHLIST-SERVICE/LTIN369346.cts.com:wishlist-service:8088: registering service...
2023-12-08 14:58:01 [DiscoveryClient-InstanceInfoReplicator-0] INFO  c.netflix.discovery.DiscoveryClient -
				DiscoveryClient_WISHLIST-SERVICE/LTIN369346.cts.com:wishlist-service:8088 - registration status: 204
2023-12-08 14:58:01 [Thread-1] INFO  o.a.coyote.http11.Http11NioProtocol -
				Pausing ProtocolHandler ["http-nio-8088"]
2023-12-08 14:58:01 [Thread-1] INFO  o.a.catalina.core.StandardService -
				Stopping service [Tomcat]
2023-12-08 14:58:01 [Thread-1] INFO  o.a.coyote.http11.Http11NioProtocol -
				Stopping ProtocolHandler ["http-nio-8088"]
2023-12-08 14:58:01 [Thread-1] INFO  o.a.coyote.http11.Http11NioProtocol -
				Destroying ProtocolHandler ["http-nio-8088"]
2023-12-08 14:58:01 [Thread-1] INFO  o.s.o.j.LocalContainerEntityManagerFactoryBean -
				Closing JPA EntityManagerFactory for persistence unit 'default'
2023-12-08 14:58:01 [Thread-1] INFO  com.zaxxer.hikari.HikariDataSource -
				HikariPool-1 - Shutdown initiated...
2023-12-08 14:58:01 [Thread-1] INFO  com.zaxxer.hikari.HikariDataSource -
				HikariPool-1 - Shutdown completed.
2023-12-08 14:58:01 [Thread-1] INFO  c.netflix.discovery.DiscoveryClient -
				Shutting down DiscoveryClient ...
2023-12-08 14:58:04 [Thread-1] INFO  c.netflix.discovery.DiscoveryClient -
				Unregistering ...
2023-12-08 14:58:04 [Thread-1] INFO  c.netflix.discovery.DiscoveryClient -
				DiscoveryClient_WISHLIST-SERVICE/LTIN369346.cts.com:wishlist-service:8088 - deregister  status: 200
2023-12-08 14:58:04 [Thread-1] INFO  c.netflix.discovery.DiscoveryClient -
				Completed shut down of DiscoveryClient
2023-12-08 14:58:04 [restartedMain] INFO  com.pack.WishListApplication -
				Starting WishListApplication using Java 17.0.7 with PID 10216 (C:\Users\2063216\EventApp-workspace\EventWishListMicroservice\target\classes started by 2063216 in C:\Users\2063216\EventApp-workspace\EventWishListMicroservice)
2023-12-08 14:58:04 [restartedMain] INFO  com.pack.WishListApplication -
				No active profile set, falling back to 1 default profile: "default"
2023-12-08 14:58:05 [restartedMain] INFO  o.s.d.r.c.RepositoryConfigurationDelegate -
				Bootstrapping Spring Data JPA repositories in DEFAULT mode.
2023-12-08 14:58:05 [restartedMain] INFO  o.s.d.r.c.RepositoryConfigurationDelegate -
				Finished Spring Data repository scanning in 14 ms. Found 1 JPA repository interface.
2023-12-08 14:58:05 [restartedMain] INFO  o.s.cloud.context.scope.GenericScope -
				BeanFactory id=97c0aa1d-0aa4-3210-b653-49b6bdeaf9a5
2023-12-08 14:58:05 [restartedMain] INFO  o.s.b.w.e.tomcat.TomcatWebServer -
				Tomcat initialized with port(s): 8088 (http)
2023-12-08 14:58:05 [restartedMain] INFO  o.a.coyote.http11.Http11NioProtocol -
				Initializing ProtocolHandler ["http-nio-8088"]
2023-12-08 14:58:05 [restartedMain] INFO  o.a.catalina.core.StandardService -
				Starting service [Tomcat]
2023-12-08 14:58:05 [restartedMain] INFO  o.a.catalina.core.StandardEngine -
				Starting Servlet engine: [Apache Tomcat/10.1.16]
2023-12-08 14:58:05 [restartedMain] INFO  o.a.c.c.C.[Tomcat].[localhost].[/] -
				Initializing Spring embedded WebApplicationContext
2023-12-08 14:58:05 [restartedMain] INFO  o.s.b.w.s.c.ServletWebServerApplicationContext -
				Root WebApplicationContext: initialization completed in 751 ms
2023-12-08 14:58:05 [restartedMain] INFO  o.h.jpa.internal.util.LogHelper -
				HHH000204: Processing PersistenceUnitInfo [name: default]
2023-12-08 14:58:05 [restartedMain] INFO  o.s.o.j.p.SpringPersistenceUnitInfo -
				No LoadTimeWeaver setup: ignoring JPA class transformer
2023-12-08 14:58:05 [restartedMain] INFO  com.zaxxer.hikari.HikariDataSource -
				HikariPool-2 - Starting...
2023-12-08 14:58:05 [restartedMain] INFO  com.zaxxer.hikari.pool.HikariPool -
				HikariPool-2 - Added connection com.mysql.cj.jdbc.ConnectionImpl@11e6646c
2023-12-08 14:58:05 [restartedMain] INFO  com.zaxxer.hikari.HikariDataSource -
				HikariPool-2 - Start completed.
2023-12-08 14:58:05 [restartedMain] WARN  org.hibernate.orm.deprecation -
				HHH90000025: MySQL8Dialect does not need to be specified explicitly using 'hibernate.dialect' (remove the property setting and it will be selected by default)
2023-12-08 14:58:05 [restartedMain] WARN  org.hibernate.orm.deprecation -
				HHH90000026: MySQL8Dialect has been deprecated; use org.hibernate.dialect.MySQLDialect instead
2023-12-08 14:58:05 [restartedMain] INFO  o.h.e.t.j.p.i.JtaPlatformInitiator -
				HHH000489: No JTA platform available (set 'hibernate.transaction.jta.platform' to enable JTA platform integration)
2023-12-08 14:58:05 [restartedMain] INFO  o.s.o.j.LocalContainerEntityManagerFactoryBean -
				Initialized JPA EntityManagerFactory for persistence unit 'default'
2023-12-08 14:58:06 [restartedMain] WARN  o.s.b.a.o.j.JpaBaseConfiguration$JpaWebConfiguration -
				spring.jpa.open-in-view is enabled by default. Therefore, database queries may be performed during view rendering. Explicitly configure spring.jpa.open-in-view to disable this warning
2023-12-08 14:58:06 [restartedMain] WARN  o.s.b.d.a.OptionalLiveReloadServer -
				Unable to start LiveReload server
2023-12-08 14:58:06 [restartedMain] INFO  o.s.c.n.e.c.DiscoveryClientOptionalArgsConfiguration -
				Eureka HTTP Client uses RestTemplate.
2023-12-08 14:58:06 [restartedMain] WARN  o.s.c.l.c.LoadBalancerCacheAutoConfiguration$LoadBalancerCaffeineWarnLogger -
				Spring Cloud LoadBalancer is currently working with the default cache. While this cache implementation is useful for development and tests, it's recommended to use Caffeine cache in production.You can switch to using Caffeine cache, by adding it and org.springframework.cache.caffeine.CaffeineCacheManager to the classpath.
2023-12-08 14:58:06 [restartedMain] INFO  o.s.c.n.eureka.InstanceInfoFactory -
				Setting initial instance status as: STARTING
2023-12-08 14:58:06 [restartedMain] INFO  c.netflix.discovery.DiscoveryClient -
				Initializing Eureka in region us-east-1
2023-12-08 14:58:06 [restartedMain] INFO  c.n.d.s.r.aws.ConfigClusterResolver -
				Resolving eureka endpoints via configuration
2023-12-08 14:58:06 [restartedMain] INFO  c.netflix.discovery.DiscoveryClient -
				Disable delta property : false
2023-12-08 14:58:06 [restartedMain] INFO  c.netflix.discovery.DiscoveryClient -
				Single vip registry refresh property : null
2023-12-08 14:58:06 [restartedMain] INFO  c.netflix.discovery.DiscoveryClient -
				Force full registry fetch : false
2023-12-08 14:58:06 [restartedMain] INFO  c.netflix.discovery.DiscoveryClient -
				Application is null : false
2023-12-08 14:58:06 [restartedMain] INFO  c.netflix.discovery.DiscoveryClient -
				Registered Applications size is zero : true
2023-12-08 14:58:06 [restartedMain] INFO  c.netflix.discovery.DiscoveryClient -
				Application version is -1: true
2023-12-08 14:58:06 [restartedMain] INFO  c.netflix.discovery.DiscoveryClient -
				Getting all instance registry info from the eureka server
2023-12-08 14:58:06 [restartedMain] INFO  c.netflix.discovery.DiscoveryClient -
				The response status is 200
2023-12-08 14:58:06 [restartedMain] INFO  c.netflix.discovery.DiscoveryClient -
				Starting heartbeat executor: renew interval is: 30
2023-12-08 14:58:06 [restartedMain] INFO  c.n.discovery.InstanceInfoReplicator -
				InstanceInfoReplicator onDemand update allowed rate per min is 4
2023-12-08 14:58:06 [restartedMain] INFO  c.netflix.discovery.DiscoveryClient -
				Discovery Client initialized at timestamp 1702027686665 with initial instances count: 4
2023-12-08 14:58:06 [restartedMain] INFO  o.s.c.n.e.s.EurekaServiceRegistry -
				Registering application WISHLIST-SERVICE with eureka with status UP
2023-12-08 14:58:06 [restartedMain] INFO  c.netflix.discovery.DiscoveryClient -
				Saw local status change event StatusChangeEvent [timestamp=1702027686670, current=UP, previous=STARTING]
2023-12-08 14:58:06 [DiscoveryClient-InstanceInfoReplicator-0] INFO  c.netflix.discovery.DiscoveryClient -
				DiscoveryClient_WISHLIST-SERVICE/LTIN369346.cts.com:wishlist-service:8088: registering service...
2023-12-08 14:58:06 [restartedMain] INFO  o.a.coyote.http11.Http11NioProtocol -
				Starting ProtocolHandler ["http-nio-8088"]
2023-12-08 14:58:06 [restartedMain] INFO  o.s.b.w.e.tomcat.TomcatWebServer -
				Tomcat started on port(s): 8088 (http) with context path ''
2023-12-08 14:58:06 [restartedMain] INFO  o.s.c.n.e.s.EurekaAutoServiceRegistration -
				Updating port to 8088
2023-12-08 14:58:06 [DiscoveryClient-InstanceInfoReplicator-0] INFO  c.netflix.discovery.DiscoveryClient -
				DiscoveryClient_WISHLIST-SERVICE/LTIN369346.cts.com:wishlist-service:8088 - registration status: 204
2023-12-08 14:58:06 [restartedMain] INFO  com.pack.WishListApplication -
				Started WishListApplication in 2.12 seconds (process running for 299.674)
2023-12-08 14:58:06 [restartedMain] INFO  o.s.b.d.a.ConditionEvaluationDeltaLoggingListener -
				Condition evaluation unchanged
2023-12-08 15:00:52 [RMI TCP Connection(11)-127.0.0.1] INFO  o.s.b.a.SpringApplicationAdminMXBeanRegistrar$SpringApplicationAdmin -
				Application shutdown requested.
2023-12-08 15:00:52 [RMI TCP Connection(11)-127.0.0.1] INFO  o.s.c.n.e.s.EurekaServiceRegistry -
				Unregistering application WISHLIST-SERVICE with eureka with status DOWN
2023-12-08 15:00:52 [RMI TCP Connection(11)-127.0.0.1] INFO  c.netflix.discovery.DiscoveryClient -
				Saw local status change event StatusChangeEvent [timestamp=1702027852674, current=DOWN, previous=UP]
2023-12-08 15:00:52 [DiscoveryClient-InstanceInfoReplicator-0] INFO  c.netflix.discovery.DiscoveryClient -
				DiscoveryClient_WISHLIST-SERVICE/LTIN369346.cts.com:wishlist-service:8088: registering service...
2023-12-08 15:00:52 [DiscoveryClient-InstanceInfoReplicator-0] INFO  c.netflix.discovery.DiscoveryClient -
				DiscoveryClient_WISHLIST-SERVICE/LTIN369346.cts.com:wishlist-service:8088 - registration status: 204
2023-12-08 15:00:52 [RMI TCP Connection(11)-127.0.0.1] INFO  o.a.coyote.http11.Http11NioProtocol -
				Pausing ProtocolHandler ["http-nio-8088"]
2023-12-08 15:00:52 [RMI TCP Connection(11)-127.0.0.1] INFO  o.a.catalina.core.StandardService -
				Stopping service [Tomcat]
2023-12-08 15:00:52 [RMI TCP Connection(11)-127.0.0.1] INFO  o.a.coyote.http11.Http11NioProtocol -
				Stopping ProtocolHandler ["http-nio-8088"]
2023-12-08 15:00:52 [RMI TCP Connection(11)-127.0.0.1] INFO  o.a.coyote.http11.Http11NioProtocol -
				Destroying ProtocolHandler ["http-nio-8088"]
2023-12-08 15:00:52 [RMI TCP Connection(11)-127.0.0.1] INFO  o.s.o.j.LocalContainerEntityManagerFactoryBean -
				Closing JPA EntityManagerFactory for persistence unit 'default'
2023-12-08 15:00:52 [RMI TCP Connection(11)-127.0.0.1] INFO  com.zaxxer.hikari.HikariDataSource -
				HikariPool-2 - Shutdown initiated...
2023-12-08 15:00:52 [RMI TCP Connection(11)-127.0.0.1] INFO  com.zaxxer.hikari.HikariDataSource -
				HikariPool-2 - Shutdown completed.
2023-12-08 15:00:52 [RMI TCP Connection(11)-127.0.0.1] INFO  c.netflix.discovery.DiscoveryClient -
				Shutting down DiscoveryClient ...
2023-12-08 15:00:55 [RMI TCP Connection(11)-127.0.0.1] INFO  c.netflix.discovery.DiscoveryClient -
				Unregistering ...
2023-12-08 15:00:55 [RMI TCP Connection(11)-127.0.0.1] INFO  c.netflix.discovery.DiscoveryClient -
				DiscoveryClient_WISHLIST-SERVICE/LTIN369346.cts.com:wishlist-service:8088 - deregister  status: 200
2023-12-08 15:00:55 [RMI TCP Connection(11)-127.0.0.1] INFO  c.netflix.discovery.DiscoveryClient -
				Completed shut down of DiscoveryClient
