2024-01-12 17:01:19 [background-preinit] INFO  o.h.validator.internal.util.Version -
				HV000001: Hibernate Validator 8.0.1.Final
2024-01-12 17:01:19 [restartedMain] INFO  com.pack.WishListApplication -
				Starting WishListApplication using Java 17.0.5 with PID 5504 (F:\Ankita\event-app\EventApp-main\EventWishListMicroservice\target\classes started by HITESH in F:\Ankita\event-app\EventApp-main\EventWishListMicroservice)
2024-01-12 17:01:19 [restartedMain] INFO  com.pack.WishListApplication -
				No active profile set, falling back to 1 default profile: "default"
2024-01-12 17:01:19 [restartedMain] INFO  o.s.b.d.e.DevToolsPropertyDefaultsPostProcessor -
				Devtools property defaults active! Set 'spring.devtools.add-properties' to 'false' to disable
2024-01-12 17:01:19 [restartedMain] INFO  o.s.b.d.e.DevToolsPropertyDefaultsPostProcessor -
				For additional web related logging consider setting the 'logging.level.web' property to 'DEBUG'
2024-01-12 17:01:23 [restartedMain] INFO  o.s.d.r.c.RepositoryConfigurationDelegate -
				Bootstrapping Spring Data JPA repositories in DEFAULT mode.
2024-01-12 17:01:23 [restartedMain] INFO  o.s.d.r.c.RepositoryConfigurationDelegate -
				Finished Spring Data repository scanning in 329 ms. Found 1 JPA repository interface.
2024-01-12 17:01:24 [restartedMain] INFO  o.s.cloud.context.scope.GenericScope -
				BeanFactory id=d1941406-9fea-3c6a-a1ab-fb0ff0c3a89f
2024-01-12 17:01:28 [restartedMain] INFO  o.s.b.w.e.tomcat.TomcatWebServer -
				Tomcat initialized with port(s): 8088 (http)
2024-01-12 17:01:28 [restartedMain] INFO  o.a.coyote.http11.Http11NioProtocol -
				Initializing ProtocolHandler ["http-nio-8088"]
2024-01-12 17:01:28 [restartedMain] INFO  o.a.catalina.core.StandardService -
				Starting service [Tomcat]
2024-01-12 17:01:28 [restartedMain] INFO  o.a.catalina.core.StandardEngine -
				Starting Servlet engine: [Apache Tomcat/10.1.16]
2024-01-12 17:01:28 [restartedMain] INFO  o.a.c.c.C.[Tomcat].[localhost].[/] -
				Initializing Spring embedded WebApplicationContext
2024-01-12 17:01:28 [restartedMain] INFO  o.s.b.w.s.c.ServletWebServerApplicationContext -
				Root WebApplicationContext: initialization completed in 9170 ms
2024-01-12 17:01:29 [restartedMain] INFO  o.h.jpa.internal.util.LogHelper -
				HHH000204: Processing PersistenceUnitInfo [name: default]
2024-01-12 17:01:32 [restartedMain] INFO  org.hibernate.Version -
				HHH000412: Hibernate ORM core version 6.2.13.Final
2024-01-12 17:01:32 [restartedMain] INFO  org.hibernate.cfg.Environment -
				HHH000406: Using bytecode reflection optimizer
2024-01-12 17:01:33 [restartedMain] INFO  o.s.o.j.p.SpringPersistenceUnitInfo -
				No LoadTimeWeaver setup: ignoring JPA class transformer
2024-01-12 17:01:33 [restartedMain] INFO  com.zaxxer.hikari.HikariDataSource -
				HikariPool-1 - Starting...
2024-01-12 17:01:34 [restartedMain] INFO  com.zaxxer.hikari.pool.HikariPool -
				HikariPool-1 - Added connection com.mysql.cj.jdbc.ConnectionImpl@50de9ad3
2024-01-12 17:01:34 [restartedMain] INFO  com.zaxxer.hikari.HikariDataSource -
				HikariPool-1 - Start completed.
2024-01-12 17:01:35 [restartedMain] WARN  org.hibernate.orm.deprecation -
				HHH90000025: MySQL8Dialect does not need to be specified explicitly using 'hibernate.dialect' (remove the property setting and it will be selected by default)
2024-01-12 17:01:35 [restartedMain] WARN  org.hibernate.orm.deprecation -
				HHH90000026: MySQL8Dialect has been deprecated; use org.hibernate.dialect.MySQLDialect instead
2024-01-12 17:01:45 [restartedMain] INFO  o.h.e.t.j.p.i.JtaPlatformInitiator -
				HHH000489: No JTA platform available (set 'hibernate.transaction.jta.platform' to enable JTA platform integration)
2024-01-12 17:01:51 [restartedMain] INFO  o.s.o.j.LocalContainerEntityManagerFactoryBean -
				Initialized JPA EntityManagerFactory for persistence unit 'default'
2024-01-12 17:01:53 [restartedMain] WARN  o.s.b.a.o.j.JpaBaseConfiguration$JpaWebConfiguration -
				spring.jpa.open-in-view is enabled by default. Therefore, database queries may be performed during view rendering. Explicitly configure spring.jpa.open-in-view to disable this warning
2024-01-12 17:01:54 [restartedMain] WARN  o.s.b.d.a.OptionalLiveReloadServer -
				Unable to start LiveReload server
2024-01-12 17:01:54 [restartedMain] INFO  o.s.c.n.e.c.DiscoveryClientOptionalArgsConfiguration -
				Eureka HTTP Client uses RestTemplate.
2024-01-12 17:01:55 [restartedMain] WARN  o.s.c.l.c.LoadBalancerCacheAutoConfiguration$LoadBalancerCaffeineWarnLogger -
				Spring Cloud LoadBalancer is currently working with the default cache. While this cache implementation is useful for development and tests, it's recommended to use Caffeine cache in production.You can switch to using Caffeine cache, by adding it and org.springframework.cache.caffeine.CaffeineCacheManager to the classpath.
2024-01-12 17:01:55 [restartedMain] INFO  o.s.c.n.eureka.InstanceInfoFactory -
				Setting initial instance status as: STARTING
2024-01-12 17:01:56 [restartedMain] INFO  c.netflix.discovery.DiscoveryClient -
				Initializing Eureka in region us-east-1
2024-01-12 17:01:56 [restartedMain] INFO  c.n.d.s.r.aws.ConfigClusterResolver -
				Resolving eureka endpoints via configuration
2024-01-12 17:01:56 [restartedMain] INFO  c.netflix.discovery.DiscoveryClient -
				Disable delta property : false
2024-01-12 17:01:56 [restartedMain] INFO  c.netflix.discovery.DiscoveryClient -
				Single vip registry refresh property : null
2024-01-12 17:01:56 [restartedMain] INFO  c.netflix.discovery.DiscoveryClient -
				Force full registry fetch : false
2024-01-12 17:01:56 [restartedMain] INFO  c.netflix.discovery.DiscoveryClient -
				Application is null : false
2024-01-12 17:01:56 [restartedMain] INFO  c.netflix.discovery.DiscoveryClient -
				Registered Applications size is zero : true
2024-01-12 17:01:56 [restartedMain] INFO  c.netflix.discovery.DiscoveryClient -
				Application version is -1: true
2024-01-12 17:01:56 [restartedMain] INFO  c.netflix.discovery.DiscoveryClient -
				Getting all instance registry info from the eureka server
2024-01-12 17:01:58 [restartedMain] INFO  c.netflix.discovery.DiscoveryClient -
				The response status is 200
2024-01-12 17:01:58 [restartedMain] INFO  c.netflix.discovery.DiscoveryClient -
				Starting heartbeat executor: renew interval is: 30
2024-01-12 17:01:58 [restartedMain] INFO  c.n.discovery.InstanceInfoReplicator -
				InstanceInfoReplicator onDemand update allowed rate per min is 4
2024-01-12 17:01:58 [restartedMain] INFO  c.netflix.discovery.DiscoveryClient -
				Discovery Client initialized at timestamp 1705059118497 with initial instances count: 3
2024-01-12 17:01:58 [restartedMain] INFO  o.s.c.n.e.s.EurekaServiceRegistry -
				Registering application WISHLIST-SERVICE with eureka with status UP
2024-01-12 17:01:58 [restartedMain] INFO  c.netflix.discovery.DiscoveryClient -
				Saw local status change event StatusChangeEvent [timestamp=1705059118511, current=UP, previous=STARTING]
2024-01-12 17:01:58 [DiscoveryClient-InstanceInfoReplicator-0] INFO  c.netflix.discovery.DiscoveryClient -
				DiscoveryClient_WISHLIST-SERVICE/DYNAMO:wishlist-service:8088: registering service...
2024-01-12 17:01:58 [restartedMain] INFO  o.a.coyote.http11.Http11NioProtocol -
				Starting ProtocolHandler ["http-nio-8088"]
2024-01-12 17:01:58 [restartedMain] INFO  o.s.b.w.e.tomcat.TomcatWebServer -
				Tomcat started on port(s): 8088 (http) with context path ''
2024-01-12 17:01:58 [restartedMain] INFO  o.s.c.n.e.s.EurekaAutoServiceRegistration -
				Updating port to 8088
2024-01-12 17:01:58 [DiscoveryClient-InstanceInfoReplicator-0] INFO  c.netflix.discovery.DiscoveryClient -
				DiscoveryClient_WISHLIST-SERVICE/DYNAMO:wishlist-service:8088 - registration status: 204
2024-01-12 17:01:59 [restartedMain] INFO  com.pack.WishListApplication -
				Started WishListApplication in 42.639 seconds (process running for 50.45)
2024-01-12 17:06:56 [AsyncResolver-bootstrap-executor-0] INFO  c.n.d.s.r.aws.ConfigClusterResolver -
				Resolving eureka endpoints via configuration
2024-01-12 17:09:33 [http-nio-8088-exec-2] INFO  o.a.c.c.C.[Tomcat].[localhost].[/] -
				Initializing Spring DispatcherServlet 'dispatcherServlet'
2024-01-12 17:09:33 [http-nio-8088-exec-2] INFO  o.s.web.servlet.DispatcherServlet -
				Initializing Servlet 'dispatcherServlet'
2024-01-12 17:09:33 [http-nio-8088-exec-2] INFO  o.s.web.servlet.DispatcherServlet -
				Completed initialization in 4 ms
2024-01-12 17:09:33 [http-nio-8088-exec-2] ERROR o.a.c.c.C.[.[.[.[dispatcherServlet] -
				Servlet.service() for servlet [dispatcherServlet] in context with path [] threw exception [JWT Token is missing] with root cause
jakarta.servlet.ServletException: JWT Token is missing
	at com.pack.filter.WishListFilter.doFilter(WishListFilter.java:54)
	at org.apache.catalina.core.ApplicationFilterChain.internalDoFilter(ApplicationFilterChain.java:174)
	at org.apache.catalina.core.ApplicationFilterChain.doFilter(ApplicationFilterChain.java:149)
	at org.springframework.web.filter.RequestContextFilter.doFilterInternal(RequestContextFilter.java:100)
	at org.springframework.web.filter.OncePerRequestFilter.doFilter(OncePerRequestFilter.java:116)
	at org.apache.catalina.core.ApplicationFilterChain.internalDoFilter(ApplicationFilterChain.java:174)
	at org.apache.catalina.core.ApplicationFilterChain.doFilter(ApplicationFilterChain.java:149)
	at org.springframework.web.filter.FormContentFilter.doFilterInternal(FormContentFilter.java:93)
	at org.springframework.web.filter.OncePerRequestFilter.doFilter(OncePerRequestFilter.java:116)
	at org.apache.catalina.core.ApplicationFilterChain.internalDoFilter(ApplicationFilterChain.java:174)
	at org.apache.catalina.core.ApplicationFilterChain.doFilter(ApplicationFilterChain.java:149)
	at org.springframework.web.filter.CharacterEncodingFilter.doFilterInternal(CharacterEncodingFilter.java:201)
	at org.springframework.web.filter.OncePerRequestFilter.doFilter(OncePerRequestFilter.java:116)
	at org.apache.catalina.core.ApplicationFilterChain.internalDoFilter(ApplicationFilterChain.java:174)
	at org.apache.catalina.core.ApplicationFilterChain.doFilter(ApplicationFilterChain.java:149)
	at org.apache.catalina.core.StandardWrapperValve.invoke(StandardWrapperValve.java:167)
	at org.apache.catalina.core.StandardContextValve.invoke(StandardContextValve.java:90)
	at org.apache.catalina.authenticator.AuthenticatorBase.invoke(AuthenticatorBase.java:482)
	at org.apache.catalina.core.StandardHostValve.invoke(StandardHostValve.java:115)
	at org.apache.catalina.valves.ErrorReportValve.invoke(ErrorReportValve.java:93)
	at org.apache.catalina.core.StandardEngineValve.invoke(StandardEngineValve.java:74)
	at org.apache.catalina.connector.CoyoteAdapter.service(CoyoteAdapter.java:340)
	at org.apache.coyote.http11.Http11Processor.service(Http11Processor.java:391)
	at org.apache.coyote.AbstractProcessorLight.process(AbstractProcessorLight.java:63)
	at org.apache.coyote.AbstractProtocol$ConnectionHandler.process(AbstractProtocol.java:896)
	at org.apache.tomcat.util.net.NioEndpoint$SocketProcessor.doRun(NioEndpoint.java:1744)
	at org.apache.tomcat.util.net.SocketProcessorBase.run(SocketProcessorBase.java:52)
	at org.apache.tomcat.util.threads.ThreadPoolExecutor.runWorker(ThreadPoolExecutor.java:1191)
	at org.apache.tomcat.util.threads.ThreadPoolExecutor$Worker.run(ThreadPoolExecutor.java:659)
	at org.apache.tomcat.util.threads.TaskThread$WrappingRunnable.run(TaskThread.java:61)
	at java.base/java.lang.Thread.run(Thread.java:833)
2024-01-12 17:13:00 [HikariPool-1 housekeeper] WARN  com.zaxxer.hikari.pool.HikariPool -
				HikariPool-1 - Thread starvation or clock leap detected (housekeeper delta=1m55s415ms747µs500ns).
2024-01-12 17:13:22 [AsyncResolver-bootstrap-executor-0] INFO  c.n.d.s.r.aws.ConfigClusterResolver -
				Resolving eureka endpoints via configuration
2024-01-12 17:27:54 [HikariPool-1 housekeeper] WARN  com.zaxxer.hikari.pool.HikariPool -
				HikariPool-1 - Thread starvation or clock leap detected (housekeeper delta=11m23s965ms206µs700ns).
2024-01-12 17:29:16 [AsyncResolver-bootstrap-executor-0] INFO  c.n.d.s.r.aws.ConfigClusterResolver -
				Resolving eureka endpoints via configuration
2024-01-12 17:34:16 [AsyncResolver-bootstrap-executor-0] INFO  c.n.d.s.r.aws.ConfigClusterResolver -
				Resolving eureka endpoints via configuration
2024-01-12 17:39:16 [AsyncResolver-bootstrap-executor-0] INFO  c.n.d.s.r.aws.ConfigClusterResolver -
				Resolving eureka endpoints via configuration
2024-01-12 17:44:16 [AsyncResolver-bootstrap-executor-0] INFO  c.n.d.s.r.aws.ConfigClusterResolver -
				Resolving eureka endpoints via configuration
2024-01-12 17:49:16 [AsyncResolver-bootstrap-executor-0] INFO  c.n.d.s.r.aws.ConfigClusterResolver -
				Resolving eureka endpoints via configuration
