2024-02-08 23:47:13 [background-preinit] INFO  o.h.validator.internal.util.Version -
				HV000001: Hibernate Validator 8.0.1.Final
2024-02-08 23:47:13 [restartedMain] INFO  com.pack.WishListApplication -
				Starting WishListApplication using Java 17.0.8.1 with PID 16432 (F:\ABCD_Back\APP-main\EventWishListMicroservice\target\classes started by HITESH in F:\ABCD_Back\APP-main\EventWishListMicroservice)
2024-02-08 23:47:13 [restartedMain] INFO  com.pack.WishListApplication -
				No active profile set, falling back to 1 default profile: "default"
2024-02-08 23:47:13 [restartedMain] INFO  o.s.b.d.e.DevToolsPropertyDefaultsPostProcessor -
				Devtools property defaults active! Set 'spring.devtools.add-properties' to 'false' to disable
2024-02-08 23:47:13 [restartedMain] INFO  o.s.b.d.e.DevToolsPropertyDefaultsPostProcessor -
				For additional web related logging consider setting the 'logging.level.web' property to 'DEBUG'
2024-02-08 23:47:18 [restartedMain] INFO  o.s.d.r.c.RepositoryConfigurationDelegate -
				Bootstrapping Spring Data JPA repositories in DEFAULT mode.
2024-02-08 23:47:19 [restartedMain] INFO  o.s.d.r.c.RepositoryConfigurationDelegate -
				Finished Spring Data repository scanning in 764 ms. Found 1 JPA repository interface.
2024-02-08 23:47:20 [restartedMain] INFO  o.s.cloud.context.scope.GenericScope -
				BeanFactory id=97c0aa1d-0aa4-3210-b653-49b6bdeaf9a5
2024-02-08 23:47:23 [restartedMain] INFO  o.s.b.w.e.tomcat.TomcatWebServer -
				Tomcat initialized with port(s): 8088 (http)
2024-02-08 23:47:23 [restartedMain] INFO  o.a.coyote.http11.Http11NioProtocol -
				Initializing ProtocolHandler ["http-nio-8088"]
2024-02-08 23:47:23 [restartedMain] INFO  o.a.catalina.core.StandardService -
				Starting service [Tomcat]
2024-02-08 23:47:23 [restartedMain] INFO  o.a.catalina.core.StandardEngine -
				Starting Servlet engine: [Apache Tomcat/10.1.16]
2024-02-08 23:47:23 [restartedMain] INFO  o.a.c.c.C.[Tomcat].[localhost].[/] -
				Initializing Spring embedded WebApplicationContext
2024-02-08 23:47:23 [restartedMain] INFO  o.s.b.w.s.c.ServletWebServerApplicationContext -
				Root WebApplicationContext: initialization completed in 9945 ms
2024-02-08 23:47:24 [restartedMain] INFO  o.h.jpa.internal.util.LogHelper -
				HHH000204: Processing PersistenceUnitInfo [name: default]
2024-02-08 23:47:24 [restartedMain] INFO  org.hibernate.Version -
				HHH000412: Hibernate ORM core version 6.2.13.Final
2024-02-08 23:47:24 [restartedMain] INFO  org.hibernate.cfg.Environment -
				HHH000406: Using bytecode reflection optimizer
2024-02-08 23:47:26 [restartedMain] INFO  o.s.o.j.p.SpringPersistenceUnitInfo -
				No LoadTimeWeaver setup: ignoring JPA class transformer
2024-02-08 23:47:26 [restartedMain] INFO  com.zaxxer.hikari.HikariDataSource -
				HikariPool-1 - Starting...
2024-02-08 23:47:27 [restartedMain] INFO  com.zaxxer.hikari.pool.HikariPool -
				HikariPool-1 - Added connection com.mysql.cj.jdbc.ConnectionImpl@3057de59
2024-02-08 23:47:27 [restartedMain] INFO  com.zaxxer.hikari.HikariDataSource -
				HikariPool-1 - Start completed.
2024-02-08 23:47:27 [restartedMain] WARN  org.hibernate.orm.deprecation -
				HHH90000025: MySQL8Dialect does not need to be specified explicitly using 'hibernate.dialect' (remove the property setting and it will be selected by default)
2024-02-08 23:47:27 [restartedMain] WARN  org.hibernate.orm.deprecation -
				HHH90000026: MySQL8Dialect has been deprecated; use org.hibernate.dialect.MySQLDialect instead
2024-02-08 23:47:31 [restartedMain] INFO  o.h.e.t.j.p.i.JtaPlatformInitiator -
				HHH000489: No JTA platform available (set 'hibernate.transaction.jta.platform' to enable JTA platform integration)
2024-02-08 23:47:37 [restartedMain] INFO  o.s.o.j.LocalContainerEntityManagerFactoryBean -
				Initialized JPA EntityManagerFactory for persistence unit 'default'
2024-02-08 23:47:39 [restartedMain] WARN  o.s.b.a.o.j.JpaBaseConfiguration$JpaWebConfiguration -
				spring.jpa.open-in-view is enabled by default. Therefore, database queries may be performed during view rendering. Explicitly configure spring.jpa.open-in-view to disable this warning
2024-02-08 23:47:42 [restartedMain] WARN  o.s.b.d.a.OptionalLiveReloadServer -
				Unable to start LiveReload server
2024-02-08 23:47:42 [restartedMain] INFO  o.s.c.n.e.c.DiscoveryClientOptionalArgsConfiguration -
				Eureka HTTP Client uses RestTemplate.
2024-02-08 23:47:43 [restartedMain] WARN  o.s.c.l.c.LoadBalancerCacheAutoConfiguration$LoadBalancerCaffeineWarnLogger -
				Spring Cloud LoadBalancer is currently working with the default cache. While this cache implementation is useful for development and tests, it's recommended to use Caffeine cache in production.You can switch to using Caffeine cache, by adding it and org.springframework.cache.caffeine.CaffeineCacheManager to the classpath.
2024-02-08 23:47:43 [restartedMain] INFO  o.s.c.n.eureka.InstanceInfoFactory -
				Setting initial instance status as: STARTING
2024-02-08 23:47:44 [restartedMain] INFO  c.netflix.discovery.DiscoveryClient -
				Initializing Eureka in region us-east-1
2024-02-08 23:47:44 [restartedMain] INFO  c.n.d.s.r.aws.ConfigClusterResolver -
				Resolving eureka endpoints via configuration
2024-02-08 23:47:44 [restartedMain] INFO  c.netflix.discovery.DiscoveryClient -
				Disable delta property : false
2024-02-08 23:47:44 [restartedMain] INFO  c.netflix.discovery.DiscoveryClient -
				Single vip registry refresh property : null
2024-02-08 23:47:44 [restartedMain] INFO  c.netflix.discovery.DiscoveryClient -
				Force full registry fetch : false
2024-02-08 23:47:44 [restartedMain] INFO  c.netflix.discovery.DiscoveryClient -
				Application is null : false
2024-02-08 23:47:44 [restartedMain] INFO  c.netflix.discovery.DiscoveryClient -
				Registered Applications size is zero : true
2024-02-08 23:47:44 [restartedMain] INFO  c.netflix.discovery.DiscoveryClient -
				Application version is -1: true
2024-02-08 23:47:44 [restartedMain] INFO  c.netflix.discovery.DiscoveryClient -
				Getting all instance registry info from the eureka server
2024-02-08 23:47:45 [restartedMain] INFO  c.netflix.discovery.DiscoveryClient -
				The response status is 200
2024-02-08 23:47:45 [restartedMain] INFO  c.netflix.discovery.DiscoveryClient -
				Starting heartbeat executor: renew interval is: 30
2024-02-08 23:47:45 [restartedMain] INFO  c.n.discovery.InstanceInfoReplicator -
				InstanceInfoReplicator onDemand update allowed rate per min is 4
2024-02-08 23:47:45 [restartedMain] INFO  c.netflix.discovery.DiscoveryClient -
				Discovery Client initialized at timestamp 1707416265806 with initial instances count: 3
2024-02-08 23:47:45 [restartedMain] INFO  o.s.c.n.e.s.EurekaServiceRegistry -
				Registering application WISHLIST-SERVICE with eureka with status UP
2024-02-08 23:47:45 [restartedMain] INFO  c.netflix.discovery.DiscoveryClient -
				Saw local status change event StatusChangeEvent [timestamp=1707416265842, current=UP, previous=STARTING]
2024-02-08 23:47:45 [DiscoveryClient-InstanceInfoReplicator-0] INFO  c.netflix.discovery.DiscoveryClient -
				DiscoveryClient_WISHLIST-SERVICE/DYNAMO:wishlist-service:8088: registering service...
2024-02-08 23:47:45 [restartedMain] INFO  o.a.coyote.http11.Http11NioProtocol -
				Starting ProtocolHandler ["http-nio-8088"]
2024-02-08 23:47:45 [restartedMain] INFO  o.s.b.w.e.tomcat.TomcatWebServer -
				Tomcat started on port(s): 8088 (http) with context path ''
2024-02-08 23:47:45 [restartedMain] INFO  o.s.c.n.e.s.EurekaAutoServiceRegistration -
				Updating port to 8088
2024-02-08 23:47:46 [DiscoveryClient-InstanceInfoReplicator-0] INFO  c.netflix.discovery.DiscoveryClient -
				DiscoveryClient_WISHLIST-SERVICE/DYNAMO:wishlist-service:8088 - registration status: 204
2024-02-08 23:47:46 [restartedMain] INFO  com.pack.WishListApplication -
				Started WishListApplication in 34.385 seconds (process running for 37.702)
2024-02-08 23:48:19 [http-nio-8088-exec-1] INFO  o.a.c.c.C.[Tomcat].[localhost].[/] -
				Initializing Spring DispatcherServlet 'dispatcherServlet'
2024-02-08 23:48:19 [http-nio-8088-exec-1] INFO  o.s.web.servlet.DispatcherServlet -
				Initializing Servlet 'dispatcherServlet'
2024-02-08 23:48:19 [http-nio-8088-exec-1] INFO  o.s.web.servlet.DispatcherServlet -
				Completed initialization in 4 ms
2024-02-08 23:48:21 [http-nio-8088-exec-4] INFO  c.pack.controller.WishListController -
				requesting list of events 2
2024-02-08 23:48:21 [http-nio-8088-exec-4] INFO  c.pack.controller.WishListController -
				Event data retrieved successfully!
2024-02-08 23:48:21 [http-nio-8088-exec-5] INFO  c.pack.controller.WishListController -
				requesting list of events 2
2024-02-08 23:48:21 [http-nio-8088-exec-5] INFO  c.pack.controller.WishListController -
				Event data retrieved successfully!
2024-02-08 23:52:44 [AsyncResolver-bootstrap-executor-0] INFO  c.n.d.s.r.aws.ConfigClusterResolver -
				Resolving eureka endpoints via configuration
2024-02-08 23:56:07 [http-nio-8088-exec-9] WARN  o.s.w.s.m.m.a.ExceptionHandlerExceptionResolver -
				Resolved [com.pack.exception.WishListEventAlreadyExistsException: Event already exists in wishlist]
2024-02-08 23:56:36 [http-nio-8088-exec-1] WARN  o.s.w.s.m.m.a.ExceptionHandlerExceptionResolver -
				Resolved [com.pack.exception.WishListEventAlreadyExistsException: Event already exists in wishlist]
2024-02-08 23:56:39 [http-nio-8088-exec-2] ERROR o.a.c.c.C.[.[.[.[dispatcherServlet] -
				Servlet.service() for servlet [dispatcherServlet] in context with path [] threw exception [JWT Token is missing] with root cause
jakarta.servlet.ServletException: JWT Token is missing
	at com.pack.filter.WishListFilter.doFilter(WishListFilter.java:54)
	at org.apache.catalina.core.ApplicationFilterChain.internalDoFilter(ApplicationFilterChain.java:174)
	at org.apache.catalina.core.ApplicationFilterChain.doFilter(ApplicationFilterChain.java:149)
	at org.springframework.web.filter.RequestContextFilter.doFilterInternal(RequestContextFilter.java:100)
	at org.springframework.web.filter.OncePerRequestFilter.doFilter(OncePerRequestFilter.java:116)
	at org.apache.catalina.core.ApplicationFilterChain.internalDoFilter(ApplicationFilterChain.java:174)
	at org.apache.catalina.core.ApplicationFilterChain.doFilter(ApplicationFilterChain.java:149)
	at org.springframework.web.filter.FormContentFilter.doFilterInternal(FormContentFilter.java:93)
	at org.springframework.web.filter.OncePerRequestFilter.doFilter(OncePerRequestFilter.java:116)
	at org.apache.catalina.core.ApplicationFilterChain.internalDoFilter(ApplicationFilterChain.java:174)
	at org.apache.catalina.core.ApplicationFilterChain.doFilter(ApplicationFilterChain.java:149)
	at org.springframework.web.filter.CharacterEncodingFilter.doFilterInternal(CharacterEncodingFilter.java:201)
	at org.springframework.web.filter.OncePerRequestFilter.doFilter(OncePerRequestFilter.java:116)
	at org.apache.catalina.core.ApplicationFilterChain.internalDoFilter(ApplicationFilterChain.java:174)
	at org.apache.catalina.core.ApplicationFilterChain.doFilter(ApplicationFilterChain.java:149)
	at org.apache.catalina.core.StandardWrapperValve.invoke(StandardWrapperValve.java:167)
	at org.apache.catalina.core.StandardContextValve.invoke(StandardContextValve.java:90)
	at org.apache.catalina.authenticator.AuthenticatorBase.invoke(AuthenticatorBase.java:482)
	at org.apache.catalina.core.StandardHostValve.invoke(StandardHostValve.java:115)
	at org.apache.catalina.valves.ErrorReportValve.invoke(ErrorReportValve.java:93)
	at org.apache.catalina.core.StandardEngineValve.invoke(StandardEngineValve.java:74)
	at org.apache.catalina.connector.CoyoteAdapter.service(CoyoteAdapter.java:340)
	at org.apache.coyote.http11.Http11Processor.service(Http11Processor.java:391)
	at org.apache.coyote.AbstractProcessorLight.process(AbstractProcessorLight.java:63)
	at org.apache.coyote.AbstractProtocol$ConnectionHandler.process(AbstractProtocol.java:896)
	at org.apache.tomcat.util.net.NioEndpoint$SocketProcessor.doRun(NioEndpoint.java:1744)
	at org.apache.tomcat.util.net.SocketProcessorBase.run(SocketProcessorBase.java:52)
	at org.apache.tomcat.util.threads.ThreadPoolExecutor.runWorker(ThreadPoolExecutor.java:1191)
	at org.apache.tomcat.util.threads.ThreadPoolExecutor$Worker.run(ThreadPoolExecutor.java:659)
	at org.apache.tomcat.util.threads.TaskThread$WrappingRunnable.run(TaskThread.java:61)
	at java.base/java.lang.Thread.run(Thread.java:833)
2024-02-08 23:57:44 [AsyncResolver-bootstrap-executor-0] INFO  c.n.d.s.r.aws.ConfigClusterResolver -
				Resolving eureka endpoints via configuration
2024-02-08 23:57:55 [File Watcher] INFO  o.s.b.d.a.LocalDevToolsAutoConfiguration$RestartingClassPathChangeChangedEventListener -
				Restarting due to 1 class path change (0 additions, 0 deletions, 1 modification)
2024-02-08 23:57:56 [Thread-1] INFO  o.s.c.n.e.s.EurekaServiceRegistry -
				Unregistering application WISHLIST-SERVICE with eureka with status DOWN
2024-02-08 23:57:56 [Thread-1] INFO  c.netflix.discovery.DiscoveryClient -
				Saw local status change event StatusChangeEvent [timestamp=1707416876012, current=DOWN, previous=UP]
2024-02-08 23:57:56 [DiscoveryClient-InstanceInfoReplicator-0] INFO  c.netflix.discovery.DiscoveryClient -
				DiscoveryClient_WISHLIST-SERVICE/DYNAMO:wishlist-service:8088: registering service...
2024-02-08 23:57:56 [DiscoveryClient-InstanceInfoReplicator-0] INFO  c.netflix.discovery.DiscoveryClient -
				DiscoveryClient_WISHLIST-SERVICE/DYNAMO:wishlist-service:8088 - registration status: 204
2024-02-08 23:57:56 [Thread-1] INFO  o.a.coyote.http11.Http11NioProtocol -
				Pausing ProtocolHandler ["http-nio-8088"]
2024-02-08 23:57:56 [Thread-1] INFO  o.a.catalina.core.StandardService -
				Stopping service [Tomcat]
2024-02-08 23:57:56 [Thread-1] INFO  o.a.c.c.C.[Tomcat].[localhost].[/] -
				Destroying Spring FrameworkServlet 'dispatcherServlet'
2024-02-08 23:57:56 [Thread-1] INFO  o.a.coyote.http11.Http11NioProtocol -
				Stopping ProtocolHandler ["http-nio-8088"]
2024-02-08 23:57:56 [Thread-1] INFO  o.a.coyote.http11.Http11NioProtocol -
				Destroying ProtocolHandler ["http-nio-8088"]
2024-02-08 23:57:56 [Thread-1] INFO  o.s.o.j.LocalContainerEntityManagerFactoryBean -
				Closing JPA EntityManagerFactory for persistence unit 'default'
2024-02-08 23:57:56 [Thread-1] INFO  com.zaxxer.hikari.HikariDataSource -
				HikariPool-1 - Shutdown initiated...
2024-02-08 23:57:56 [Thread-1] INFO  com.zaxxer.hikari.HikariDataSource -
				HikariPool-1 - Shutdown completed.
2024-02-08 23:57:56 [Thread-1] INFO  c.netflix.discovery.DiscoveryClient -
				Shutting down DiscoveryClient ...
2024-02-08 23:57:59 [Thread-1] INFO  c.netflix.discovery.DiscoveryClient -
				Unregistering ...
2024-02-08 23:57:59 [Thread-1] INFO  c.netflix.discovery.DiscoveryClient -
				DiscoveryClient_WISHLIST-SERVICE/DYNAMO:wishlist-service:8088 - deregister  status: 200
2024-02-08 23:57:59 [Thread-1] INFO  c.netflix.discovery.DiscoveryClient -
				Completed shut down of DiscoveryClient
2024-02-08 23:58:00 [restartedMain] INFO  com.pack.WishListApplication -
				Starting WishListApplication using Java 17.0.8.1 with PID 16432 (F:\ABCD_Back\APP-main\EventWishListMicroservice\target\classes started by HITESH in F:\ABCD_Back\APP-main\EventWishListMicroservice)
2024-02-08 23:58:00 [restartedMain] INFO  com.pack.WishListApplication -
				No active profile set, falling back to 1 default profile: "default"
2024-02-08 23:58:01 [restartedMain] INFO  o.s.d.r.c.RepositoryConfigurationDelegate -
				Bootstrapping Spring Data JPA repositories in DEFAULT mode.
2024-02-08 23:58:01 [restartedMain] INFO  o.s.d.r.c.RepositoryConfigurationDelegate -
				Finished Spring Data repository scanning in 88 ms. Found 1 JPA repository interface.
2024-02-08 23:58:01 [restartedMain] INFO  o.s.cloud.context.scope.GenericScope -
				BeanFactory id=97c0aa1d-0aa4-3210-b653-49b6bdeaf9a5
2024-02-08 23:58:01 [restartedMain] INFO  o.s.b.w.e.tomcat.TomcatWebServer -
				Tomcat initialized with port(s): 8088 (http)
2024-02-08 23:58:01 [restartedMain] INFO  o.a.coyote.http11.Http11NioProtocol -
				Initializing ProtocolHandler ["http-nio-8088"]
2024-02-08 23:58:01 [restartedMain] INFO  o.a.catalina.core.StandardService -
				Starting service [Tomcat]
2024-02-08 23:58:01 [restartedMain] INFO  o.a.catalina.core.StandardEngine -
				Starting Servlet engine: [Apache Tomcat/10.1.16]
2024-02-08 23:58:01 [restartedMain] INFO  o.a.c.c.C.[Tomcat].[localhost].[/] -
				Initializing Spring embedded WebApplicationContext
2024-02-08 23:58:01 [restartedMain] INFO  o.s.b.w.s.c.ServletWebServerApplicationContext -
				Root WebApplicationContext: initialization completed in 1613 ms
2024-02-08 23:58:02 [restartedMain] INFO  o.h.jpa.internal.util.LogHelper -
				HHH000204: Processing PersistenceUnitInfo [name: default]
2024-02-08 23:58:02 [restartedMain] INFO  o.s.o.j.p.SpringPersistenceUnitInfo -
				No LoadTimeWeaver setup: ignoring JPA class transformer
2024-02-08 23:58:02 [restartedMain] INFO  com.zaxxer.hikari.HikariDataSource -
				HikariPool-2 - Starting...
2024-02-08 23:58:02 [restartedMain] INFO  com.zaxxer.hikari.pool.HikariPool -
				HikariPool-2 - Added connection com.mysql.cj.jdbc.ConnectionImpl@27cda8bc
2024-02-08 23:58:02 [restartedMain] INFO  com.zaxxer.hikari.HikariDataSource -
				HikariPool-2 - Start completed.
2024-02-08 23:58:02 [restartedMain] WARN  org.hibernate.orm.deprecation -
				HHH90000025: MySQL8Dialect does not need to be specified explicitly using 'hibernate.dialect' (remove the property setting and it will be selected by default)
2024-02-08 23:58:02 [restartedMain] WARN  org.hibernate.orm.deprecation -
				HHH90000026: MySQL8Dialect has been deprecated; use org.hibernate.dialect.MySQLDialect instead
2024-02-08 23:58:02 [restartedMain] INFO  o.h.e.t.j.p.i.JtaPlatformInitiator -
				HHH000489: No JTA platform available (set 'hibernate.transaction.jta.platform' to enable JTA platform integration)
2024-02-08 23:58:02 [restartedMain] INFO  o.s.o.j.LocalContainerEntityManagerFactoryBean -
				Initialized JPA EntityManagerFactory for persistence unit 'default'
2024-02-08 23:58:03 [restartedMain] WARN  o.s.b.a.o.j.JpaBaseConfiguration$JpaWebConfiguration -
				spring.jpa.open-in-view is enabled by default. Therefore, database queries may be performed during view rendering. Explicitly configure spring.jpa.open-in-view to disable this warning
2024-02-08 23:58:03 [restartedMain] WARN  o.s.b.d.a.OptionalLiveReloadServer -
				Unable to start LiveReload server
2024-02-08 23:58:03 [restartedMain] INFO  o.s.c.n.e.c.DiscoveryClientOptionalArgsConfiguration -
				Eureka HTTP Client uses RestTemplate.
2024-02-08 23:58:04 [restartedMain] WARN  o.s.c.l.c.LoadBalancerCacheAutoConfiguration$LoadBalancerCaffeineWarnLogger -
				Spring Cloud LoadBalancer is currently working with the default cache. While this cache implementation is useful for development and tests, it's recommended to use Caffeine cache in production.You can switch to using Caffeine cache, by adding it and org.springframework.cache.caffeine.CaffeineCacheManager to the classpath.
2024-02-08 23:58:04 [restartedMain] INFO  o.s.c.n.eureka.InstanceInfoFactory -
				Setting initial instance status as: STARTING
2024-02-08 23:58:04 [restartedMain] INFO  c.netflix.discovery.DiscoveryClient -
				Initializing Eureka in region us-east-1
2024-02-08 23:58:04 [restartedMain] INFO  c.n.d.s.r.aws.ConfigClusterResolver -
				Resolving eureka endpoints via configuration
2024-02-08 23:58:04 [restartedMain] INFO  c.netflix.discovery.DiscoveryClient -
				Disable delta property : false
2024-02-08 23:58:04 [restartedMain] INFO  c.netflix.discovery.DiscoveryClient -
				Single vip registry refresh property : null
2024-02-08 23:58:04 [restartedMain] INFO  c.netflix.discovery.DiscoveryClient -
				Force full registry fetch : false
2024-02-08 23:58:04 [restartedMain] INFO  c.netflix.discovery.DiscoveryClient -
				Application is null : false
2024-02-08 23:58:04 [restartedMain] INFO  c.netflix.discovery.DiscoveryClient -
				Registered Applications size is zero : true
2024-02-08 23:58:04 [restartedMain] INFO  c.netflix.discovery.DiscoveryClient -
				Application version is -1: true
2024-02-08 23:58:04 [restartedMain] INFO  c.netflix.discovery.DiscoveryClient -
				Getting all instance registry info from the eureka server
2024-02-08 23:58:04 [restartedMain] INFO  c.netflix.discovery.DiscoveryClient -
				The response status is 200
2024-02-08 23:58:04 [restartedMain] INFO  c.netflix.discovery.DiscoveryClient -
				Starting heartbeat executor: renew interval is: 30
2024-02-08 23:58:04 [restartedMain] INFO  c.n.discovery.InstanceInfoReplicator -
				InstanceInfoReplicator onDemand update allowed rate per min is 4
2024-02-08 23:58:04 [restartedMain] INFO  c.netflix.discovery.DiscoveryClient -
				Discovery Client initialized at timestamp 1707416884732 with initial instances count: 3
2024-02-08 23:58:04 [restartedMain] INFO  o.s.c.n.e.s.EurekaServiceRegistry -
				Registering application WISHLIST-SERVICE with eureka with status UP
2024-02-08 23:58:04 [restartedMain] INFO  c.netflix.discovery.DiscoveryClient -
				Saw local status change event StatusChangeEvent [timestamp=1707416884737, current=UP, previous=STARTING]
2024-02-08 23:58:04 [restartedMain] INFO  o.a.coyote.http11.Http11NioProtocol -
				Starting ProtocolHandler ["http-nio-8088"]
2024-02-08 23:58:04 [DiscoveryClient-InstanceInfoReplicator-0] INFO  c.netflix.discovery.DiscoveryClient -
				DiscoveryClient_WISHLIST-SERVICE/DYNAMO:wishlist-service:8088: registering service...
2024-02-08 23:58:04 [restartedMain] INFO  o.s.b.w.e.tomcat.TomcatWebServer -
				Tomcat started on port(s): 8088 (http) with context path ''
2024-02-08 23:58:04 [restartedMain] INFO  o.s.c.n.e.s.EurekaAutoServiceRegistration -
				Updating port to 8088
2024-02-08 23:58:04 [DiscoveryClient-InstanceInfoReplicator-0] INFO  c.netflix.discovery.DiscoveryClient -
				DiscoveryClient_WISHLIST-SERVICE/DYNAMO:wishlist-service:8088 - registration status: 204
2024-02-08 23:58:05 [restartedMain] INFO  com.pack.WishListApplication -
				Started WishListApplication in 5.18 seconds (process running for 656.355)
2024-02-08 23:58:05 [restartedMain] INFO  o.s.b.d.a.ConditionEvaluationDeltaLoggingListener -
				Condition evaluation unchanged
2024-02-09 00:02:09 [http-nio-8088-exec-1] INFO  o.a.c.c.C.[Tomcat].[localhost].[/] -
				Initializing Spring DispatcherServlet 'dispatcherServlet'
2024-02-09 00:02:09 [http-nio-8088-exec-1] INFO  o.s.web.servlet.DispatcherServlet -
				Initializing Servlet 'dispatcherServlet'
2024-02-09 00:02:09 [http-nio-8088-exec-1] INFO  o.s.web.servlet.DispatcherServlet -
				Completed initialization in 3 ms
2024-02-09 00:02:09 [http-nio-8088-exec-2] WARN  o.h.e.jdbc.spi.SqlExceptionHelper -
				SQL Error: 1054, SQLState: 42S22
2024-02-09 00:02:09 [http-nio-8088-exec-2] ERROR o.h.e.jdbc.spi.SqlExceptionHelper -
				Unknown column 'w1_0.wishlist_id' in 'field list'
2024-02-09 00:02:09 [http-nio-8088-exec-2] ERROR o.a.c.c.C.[.[.[.[dispatcherServlet] -
				Servlet.service() for servlet [dispatcherServlet] in context with path [] threw exception [Request processing failed: org.springframework.dao.InvalidDataAccessResourceUsageException: JDBC exception executing SQL [select w1_0.wishlist_id,w1_0.datetime_utc,w1_0.event_id,w1_0.event_type,w1_0.performer_name,w1_0.user_id,w1_0.venue_capacity,w1_0.venue_name from wishlist w1_0 where w1_0.event_id=? and w1_0.user_id=?] [Unknown column 'w1_0.wishlist_id' in 'field list'] [n/a]; SQL [n/a]] with root cause
java.sql.SQLSyntaxErrorException: Unknown column 'w1_0.wishlist_id' in 'field list'
	at com.mysql.cj.jdbc.exceptions.SQLError.createSQLException(SQLError.java:121)
	at com.mysql.cj.jdbc.exceptions.SQLExceptionsMapping.translateException(SQLExceptionsMapping.java:122)
	at com.mysql.cj.jdbc.ClientPreparedStatement.executeInternal(ClientPreparedStatement.java:916)
	at com.mysql.cj.jdbc.ClientPreparedStatement.executeQuery(ClientPreparedStatement.java:972)
	at com.zaxxer.hikari.pool.ProxyPreparedStatement.executeQuery(ProxyPreparedStatement.java:52)
	at com.zaxxer.hikari.pool.HikariProxyPreparedStatement.executeQuery(HikariProxyPreparedStatement.java)
	at org.hibernate.sql.results.jdbc.internal.DeferredResultSetAccess.executeQuery(DeferredResultSetAccess.java:239)
	at org.hibernate.sql.results.jdbc.internal.DeferredResultSetAccess.getResultSet(DeferredResultSetAccess.java:163)
	at org.hibernate.sql.results.jdbc.internal.JdbcValuesResultSetImpl.advanceNext(JdbcValuesResultSetImpl.java:254)
	at org.hibernate.sql.results.jdbc.internal.JdbcValuesResultSetImpl.processNext(JdbcValuesResultSetImpl.java:134)
	at org.hibernate.sql.results.jdbc.internal.AbstractJdbcValues.next(AbstractJdbcValues.java:19)
	at org.hibernate.sql.results.internal.RowProcessingStateStandardImpl.next(RowProcessingStateStandardImpl.java:66)
	at org.hibernate.sql.results.spi.ListResultsConsumer.consume(ListResultsConsumer.java:198)
	at org.hibernate.sql.results.spi.ListResultsConsumer.consume(ListResultsConsumer.java:33)
	at org.hibernate.sql.exec.internal.JdbcSelectExecutorStandardImpl.doExecuteQuery(JdbcSelectExecutorStandardImpl.java:361)
	at org.hibernate.sql.exec.internal.JdbcSelectExecutorStandardImpl.executeQuery(JdbcSelectExecutorStandardImpl.java:168)
	at org.hibernate.sql.exec.internal.JdbcSelectExecutorStandardImpl.list(JdbcSelectExecutorStandardImpl.java:93)
	at org.hibernate.sql.exec.spi.JdbcSelectExecutor.list(JdbcSelectExecutor.java:31)
	at org.hibernate.query.sqm.internal.ConcreteSqmSelectQueryPlan.lambda$new$0(ConcreteSqmSelectQueryPlan.java:110)
	at org.hibernate.query.sqm.internal.ConcreteSqmSelectQueryPlan.withCacheableSqmInterpretation(ConcreteSqmSelectQueryPlan.java:303)
	at org.hibernate.query.sqm.internal.ConcreteSqmSelectQueryPlan.performList(ConcreteSqmSelectQueryPlan.java:244)
	at org.hibernate.query.sqm.internal.QuerySqmImpl.doList(QuerySqmImpl.java:518)
	at org.hibernate.query.spi.AbstractSelectionQuery.list(AbstractSelectionQuery.java:367)
	at org.hibernate.query.spi.AbstractSelectionQuery.getSingleResult(AbstractSelectionQuery.java:473)
	at org.springframework.data.jpa.repository.query.JpaQueryExecution$SingleEntityExecution.doExecute(JpaQueryExecution.java:223)
	at org.springframework.data.jpa.repository.query.JpaQueryExecution.execute(JpaQueryExecution.java:92)
	at org.springframework.data.jpa.repository.query.AbstractJpaQuery.doExecute(AbstractJpaQuery.java:149)
	at org.springframework.data.jpa.repository.query.AbstractJpaQuery.execute(AbstractJpaQuery.java:137)
	at org.springframework.data.repository.core.support.RepositoryMethodInvoker.doInvoke(RepositoryMethodInvoker.java:136)
	at org.springframework.data.repository.core.support.RepositoryMethodInvoker.invoke(RepositoryMethodInvoker.java:120)
	at org.springframework.data.repository.core.support.QueryExecutorMethodInterceptor.doInvoke(QueryExecutorMethodInterceptor.java:164)
	at org.springframework.data.repository.core.support.QueryExecutorMethodInterceptor.invoke(QueryExecutorMethodInterceptor.java:143)
	at org.springframework.aop.framework.ReflectiveMethodInvocation.proceed(ReflectiveMethodInvocation.java:184)
	at org.springframework.data.projection.DefaultMethodInvokingMethodInterceptor.invoke(DefaultMethodInvokingMethodInterceptor.java:70)
	at org.springframework.aop.framework.ReflectiveMethodInvocation.proceed(ReflectiveMethodInvocation.java:184)
	at org.springframework.transaction.interceptor.TransactionInterceptor$1.proceedWithInvocation(TransactionInterceptor.java:123)
	at org.springframework.transaction.interceptor.TransactionAspectSupport.invokeWithinTransaction(TransactionAspectSupport.java:391)
	at org.springframework.transaction.interceptor.TransactionInterceptor.invoke(TransactionInterceptor.java:119)
	at org.springframework.aop.framework.ReflectiveMethodInvocation.proceed(ReflectiveMethodInvocation.java:184)
	at org.springframework.dao.support.PersistenceExceptionTranslationInterceptor.invoke(PersistenceExceptionTranslationInterceptor.java:137)
	at org.springframework.aop.framework.ReflectiveMethodInvocation.proceed(ReflectiveMethodInvocation.java:184)
	at org.springframework.data.jpa.repository.support.CrudMethodMetadataPostProcessor$CrudMethodMetadataPopulatingMethodInterceptor.invoke(CrudMethodMetadataPostProcessor.java:135)
	at org.springframework.aop.framework.ReflectiveMethodInvocation.proceed(ReflectiveMethodInvocation.java:184)
	at org.springframework.aop.interceptor.ExposeInvocationInterceptor.invoke(ExposeInvocationInterceptor.java:97)
	at org.springframework.aop.framework.ReflectiveMethodInvocation.proceed(ReflectiveMethodInvocation.java:184)
	at org.springframework.aop.framework.JdkDynamicAopProxy.invoke(JdkDynamicAopProxy.java:244)
	at jdk.proxy5/jdk.proxy5.$Proxy179.findByEventIdAndUserId(Unknown Source)
	at com.pack.service.WishListServiceImpl.addWishListEvent(WishListServiceImpl.java:43)
	at com.pack.controller.WishListController.addFavouriteEvent(WishListController.java:49)
	at java.base/jdk.internal.reflect.NativeMethodAccessorImpl.invoke0(Native Method)
	at java.base/jdk.internal.reflect.NativeMethodAccessorImpl.invoke(NativeMethodAccessorImpl.java:77)
	at java.base/jdk.internal.reflect.DelegatingMethodAccessorImpl.invoke(DelegatingMethodAccessorImpl.java:43)
	at java.base/java.lang.reflect.Method.invoke(Method.java:568)
	at org.springframework.aop.support.AopUtils.invokeJoinpointUsingReflection(AopUtils.java:343)
	at org.springframework.aop.framework.ReflectiveMethodInvocation.invokeJoinpoint(ReflectiveMethodInvocation.java:196)
	at org.springframework.aop.framework.ReflectiveMethodInvocation.proceed(ReflectiveMethodInvocation.java:163)
	at org.springframework.aop.framework.CglibAopProxy$CglibMethodInvocation.proceed(CglibAopProxy.java:751)
	at org.springframework.aop.aspectj.AspectJAfterThrowingAdvice.invoke(AspectJAfterThrowingAdvice.java:64)
	at org.springframework.aop.framework.ReflectiveMethodInvocation.proceed(ReflectiveMethodInvocation.java:184)
	at org.springframework.aop.framework.CglibAopProxy$CglibMethodInvocation.proceed(CglibAopProxy.java:751)
	at org.springframework.aop.framework.adapter.AfterReturningAdviceInterceptor.invoke(AfterReturningAdviceInterceptor.java:57)
	at org.springframework.aop.framework.ReflectiveMethodInvocation.proceed(ReflectiveMethodInvocation.java:184)
	at org.springframework.aop.framework.CglibAopProxy$CglibMethodInvocation.proceed(CglibAopProxy.java:751)
	at org.springframework.aop.interceptor.ExposeInvocationInterceptor.invoke(ExposeInvocationInterceptor.java:97)
	at org.springframework.aop.framework.ReflectiveMethodInvocation.proceed(ReflectiveMethodInvocation.java:184)
	at org.springframework.aop.framework.CglibAopProxy$CglibMethodInvocation.proceed(CglibAopProxy.java:751)
	at org.springframework.aop.framework.CglibAopProxy$DynamicAdvisedInterceptor.intercept(CglibAopProxy.java:703)
	at com.pack.controller.WishListController$$SpringCGLIB$$0.addFavouriteEvent(<generated>)
	at java.base/jdk.internal.reflect.NativeMethodAccessorImpl.invoke0(Native Method)
	at java.base/jdk.internal.reflect.NativeMethodAccessorImpl.invoke(NativeMethodAccessorImpl.java:77)
	at java.base/jdk.internal.reflect.DelegatingMethodAccessorImpl.invoke(DelegatingMethodAccessorImpl.java:43)
	at java.base/java.lang.reflect.Method.invoke(Method.java:568)
	at org.springframework.web.method.support.InvocableHandlerMethod.doInvoke(InvocableHandlerMethod.java:205)
	at org.springframework.web.method.support.InvocableHandlerMethod.invokeForRequest(InvocableHandlerMethod.java:150)
	at org.springframework.web.servlet.mvc.method.annotation.ServletInvocableHandlerMethod.invokeAndHandle(ServletInvocableHandlerMethod.java:118)
	at org.springframework.web.servlet.mvc.method.annotation.RequestMappingHandlerAdapter.invokeHandlerMethod(RequestMappingHandlerAdapter.java:884)
	at org.springframework.web.servlet.mvc.method.annotation.RequestMappingHandlerAdapter.handleInternal(RequestMappingHandlerAdapter.java:797)
	at org.springframework.web.servlet.mvc.method.AbstractHandlerMethodAdapter.handle(AbstractHandlerMethodAdapter.java:87)
	at org.springframework.web.servlet.DispatcherServlet.doDispatch(DispatcherServlet.java:1081)
	at org.springframework.web.servlet.DispatcherServlet.doService(DispatcherServlet.java:974)
	at org.springframework.web.servlet.FrameworkServlet.processRequest(FrameworkServlet.java:1014)
	at org.springframework.web.servlet.FrameworkServlet.doPost(FrameworkServlet.java:914)
	at jakarta.servlet.http.HttpServlet.service(HttpServlet.java:590)
	at org.springframework.web.servlet.FrameworkServlet.service(FrameworkServlet.java:885)
	at jakarta.servlet.http.HttpServlet.service(HttpServlet.java:658)
	at org.apache.catalina.core.ApplicationFilterChain.internalDoFilter(ApplicationFilterChain.java:205)
	at org.apache.catalina.core.ApplicationFilterChain.doFilter(ApplicationFilterChain.java:149)
	at org.apache.tomcat.websocket.server.WsFilter.doFilter(WsFilter.java:51)
	at org.apache.catalina.core.ApplicationFilterChain.internalDoFilter(ApplicationFilterChain.java:174)
	at org.apache.catalina.core.ApplicationFilterChain.doFilter(ApplicationFilterChain.java:149)
	at com.pack.filter.WishListFilter.doFilter(WishListFilter.java:72)
	at org.apache.catalina.core.ApplicationFilterChain.internalDoFilter(ApplicationFilterChain.java:174)
	at org.apache.catalina.core.ApplicationFilterChain.doFilter(ApplicationFilterChain.java:149)
	at org.springframework.web.filter.RequestContextFilter.doFilterInternal(RequestContextFilter.java:100)
	at org.springframework.web.filter.OncePerRequestFilter.doFilter(OncePerRequestFilter.java:116)
	at org.apache.catalina.core.ApplicationFilterChain.internalDoFilter(ApplicationFilterChain.java:174)
	at org.apache.catalina.core.ApplicationFilterChain.doFilter(ApplicationFilterChain.java:149)
	at org.springframework.web.filter.FormContentFilter.doFilterInternal(FormContentFilter.java:93)
	at org.springframework.web.filter.OncePerRequestFilter.doFilter(OncePerRequestFilter.java:116)
	at org.apache.catalina.core.ApplicationFilterChain.internalDoFilter(ApplicationFilterChain.java:174)
	at org.apache.catalina.core.ApplicationFilterChain.doFilter(ApplicationFilterChain.java:149)
	at org.springframework.web.filter.CharacterEncodingFilter.doFilterInternal(CharacterEncodingFilter.java:201)
	at org.springframework.web.filter.OncePerRequestFilter.doFilter(OncePerRequestFilter.java:116)
	at org.apache.catalina.core.ApplicationFilterChain.internalDoFilter(ApplicationFilterChain.java:174)
	at org.apache.catalina.core.ApplicationFilterChain.doFilter(ApplicationFilterChain.java:149)
	at org.apache.catalina.core.StandardWrapperValve.invoke(StandardWrapperValve.java:167)
	at org.apache.catalina.core.StandardContextValve.invoke(StandardContextValve.java:90)
	at org.apache.catalina.authenticator.AuthenticatorBase.invoke(AuthenticatorBase.java:482)
	at org.apache.catalina.core.StandardHostValve.invoke(StandardHostValve.java:115)
	at org.apache.catalina.valves.ErrorReportValve.invoke(ErrorReportValve.java:93)
	at org.apache.catalina.core.StandardEngineValve.invoke(StandardEngineValve.java:74)
	at org.apache.catalina.connector.CoyoteAdapter.service(CoyoteAdapter.java:340)
	at org.apache.coyote.http11.Http11Processor.service(Http11Processor.java:391)
	at org.apache.coyote.AbstractProcessorLight.process(AbstractProcessorLight.java:63)
	at org.apache.coyote.AbstractProtocol$ConnectionHandler.process(AbstractProtocol.java:896)
	at org.apache.tomcat.util.net.NioEndpoint$SocketProcessor.doRun(NioEndpoint.java:1744)
	at org.apache.tomcat.util.net.SocketProcessorBase.run(SocketProcessorBase.java:52)
	at org.apache.tomcat.util.threads.ThreadPoolExecutor.runWorker(ThreadPoolExecutor.java:1191)
	at org.apache.tomcat.util.threads.ThreadPoolExecutor$Worker.run(ThreadPoolExecutor.java:659)
	at org.apache.tomcat.util.threads.TaskThread$WrappingRunnable.run(TaskThread.java:61)
	at java.base/java.lang.Thread.run(Thread.java:833)
2024-02-09 00:03:04 [AsyncResolver-bootstrap-executor-0] INFO  c.n.d.s.r.aws.ConfigClusterResolver -
				Resolving eureka endpoints via configuration
2024-02-09 00:05:52 [File Watcher] INFO  o.s.b.d.a.LocalDevToolsAutoConfiguration$RestartingClassPathChangeChangedEventListener -
				Restarting due to 1 class path change (0 additions, 0 deletions, 1 modification)
2024-02-09 00:05:52 [Thread-7] INFO  o.s.c.n.e.s.EurekaServiceRegistry -
				Unregistering application WISHLIST-SERVICE with eureka with status DOWN
2024-02-09 00:05:52 [Thread-7] INFO  c.netflix.discovery.DiscoveryClient -
				Saw local status change event StatusChangeEvent [timestamp=1707417352860, current=DOWN, previous=UP]
2024-02-09 00:05:52 [DiscoveryClient-InstanceInfoReplicator-0] INFO  c.netflix.discovery.DiscoveryClient -
				DiscoveryClient_WISHLIST-SERVICE/DYNAMO:wishlist-service:8088: registering service...
2024-02-09 00:05:52 [DiscoveryClient-InstanceInfoReplicator-0] INFO  c.netflix.discovery.DiscoveryClient -
				DiscoveryClient_WISHLIST-SERVICE/DYNAMO:wishlist-service:8088 - registration status: 204
2024-02-09 00:05:52 [Thread-7] INFO  o.a.coyote.http11.Http11NioProtocol -
				Pausing ProtocolHandler ["http-nio-8088"]
2024-02-09 00:05:52 [Thread-7] INFO  o.a.catalina.core.StandardService -
				Stopping service [Tomcat]
2024-02-09 00:05:52 [Thread-7] INFO  o.a.c.c.C.[Tomcat].[localhost].[/] -
				Destroying Spring FrameworkServlet 'dispatcherServlet'
2024-02-09 00:05:52 [Thread-7] INFO  o.a.coyote.http11.Http11NioProtocol -
				Stopping ProtocolHandler ["http-nio-8088"]
2024-02-09 00:05:52 [Thread-7] INFO  o.a.coyote.http11.Http11NioProtocol -
				Destroying ProtocolHandler ["http-nio-8088"]
2024-02-09 00:05:52 [Thread-7] INFO  o.s.o.j.LocalContainerEntityManagerFactoryBean -
				Closing JPA EntityManagerFactory for persistence unit 'default'
2024-02-09 00:05:52 [Thread-7] INFO  com.zaxxer.hikari.HikariDataSource -
				HikariPool-2 - Shutdown initiated...
2024-02-09 00:05:52 [Thread-7] INFO  com.zaxxer.hikari.HikariDataSource -
				HikariPool-2 - Shutdown completed.
2024-02-09 00:05:52 [Thread-7] INFO  c.netflix.discovery.DiscoveryClient -
				Shutting down DiscoveryClient ...
2024-02-09 00:05:55 [Thread-7] INFO  c.netflix.discovery.DiscoveryClient -
				Unregistering ...
2024-02-09 00:05:55 [Thread-7] INFO  c.netflix.discovery.DiscoveryClient -
				DiscoveryClient_WISHLIST-SERVICE/DYNAMO:wishlist-service:8088 - deregister  status: 200
2024-02-09 00:05:56 [Thread-7] INFO  c.netflix.discovery.DiscoveryClient -
				Completed shut down of DiscoveryClient
2024-02-09 00:06:15 [restartedMain] INFO  com.pack.WishListApplication -
				Starting WishListApplication using Java 17.0.8.1 with PID 16432 (F:\ABCD_Back\APP-main\EventWishListMicroservice\target\classes started by HITESH in F:\ABCD_Back\APP-main\EventWishListMicroservice)
2024-02-09 00:06:15 [restartedMain] INFO  com.pack.WishListApplication -
				No active profile set, falling back to 1 default profile: "default"
2024-02-09 00:06:17 [restartedMain] INFO  o.s.d.r.c.RepositoryConfigurationDelegate -
				Bootstrapping Spring Data JPA repositories in DEFAULT mode.
2024-02-09 00:06:17 [restartedMain] INFO  o.s.d.r.c.RepositoryConfigurationDelegate -
				Finished Spring Data repository scanning in 27 ms. Found 1 JPA repository interface.
2024-02-09 00:06:17 [restartedMain] INFO  o.s.cloud.context.scope.GenericScope -
				BeanFactory id=97c0aa1d-0aa4-3210-b653-49b6bdeaf9a5
2024-02-09 00:06:18 [restartedMain] INFO  o.s.b.w.e.tomcat.TomcatWebServer -
				Tomcat initialized with port(s): 8088 (http)
2024-02-09 00:06:18 [restartedMain] INFO  o.a.coyote.http11.Http11NioProtocol -
				Initializing ProtocolHandler ["http-nio-8088"]
2024-02-09 00:06:18 [restartedMain] INFO  o.a.catalina.core.StandardService -
				Starting service [Tomcat]
2024-02-09 00:06:18 [restartedMain] INFO  o.a.catalina.core.StandardEngine -
				Starting Servlet engine: [Apache Tomcat/10.1.16]
2024-02-09 00:06:18 [restartedMain] INFO  o.a.c.c.C.[Tomcat].[localhost].[/] -
				Initializing Spring embedded WebApplicationContext
2024-02-09 00:06:18 [restartedMain] INFO  o.s.b.w.s.c.ServletWebServerApplicationContext -
				Root WebApplicationContext: initialization completed in 2925 ms
2024-02-09 00:06:19 [restartedMain] INFO  o.h.jpa.internal.util.LogHelper -
				HHH000204: Processing PersistenceUnitInfo [name: default]
2024-02-09 00:06:19 [restartedMain] INFO  o.s.o.j.p.SpringPersistenceUnitInfo -
				No LoadTimeWeaver setup: ignoring JPA class transformer
2024-02-09 00:06:19 [restartedMain] INFO  com.zaxxer.hikari.HikariDataSource -
				HikariPool-3 - Starting...
2024-02-09 00:06:19 [restartedMain] INFO  com.zaxxer.hikari.pool.HikariPool -
				HikariPool-3 - Added connection com.mysql.cj.jdbc.ConnectionImpl@102b0952
2024-02-09 00:06:19 [restartedMain] INFO  com.zaxxer.hikari.HikariDataSource -
				HikariPool-3 - Start completed.
2024-02-09 00:06:19 [restartedMain] WARN  org.hibernate.orm.deprecation -
				HHH90000025: MySQL8Dialect does not need to be specified explicitly using 'hibernate.dialect' (remove the property setting and it will be selected by default)
2024-02-09 00:06:19 [restartedMain] WARN  org.hibernate.orm.deprecation -
				HHH90000026: MySQL8Dialect has been deprecated; use org.hibernate.dialect.MySQLDialect instead
2024-02-09 00:06:19 [restartedMain] INFO  o.h.e.t.j.p.i.JtaPlatformInitiator -
				HHH000489: No JTA platform available (set 'hibernate.transaction.jta.platform' to enable JTA platform integration)
2024-02-09 00:06:22 [restartedMain] INFO  o.s.o.j.LocalContainerEntityManagerFactoryBean -
				Initialized JPA EntityManagerFactory for persistence unit 'default'
2024-02-09 00:06:22 [restartedMain] WARN  o.s.b.a.o.j.JpaBaseConfiguration$JpaWebConfiguration -
				spring.jpa.open-in-view is enabled by default. Therefore, database queries may be performed during view rendering. Explicitly configure spring.jpa.open-in-view to disable this warning
2024-02-09 00:06:23 [restartedMain] WARN  o.s.b.d.a.OptionalLiveReloadServer -
				Unable to start LiveReload server
2024-02-09 00:06:23 [restartedMain] INFO  o.s.c.n.e.c.DiscoveryClientOptionalArgsConfiguration -
				Eureka HTTP Client uses RestTemplate.
2024-02-09 00:06:24 [restartedMain] WARN  o.s.c.l.c.LoadBalancerCacheAutoConfiguration$LoadBalancerCaffeineWarnLogger -
				Spring Cloud LoadBalancer is currently working with the default cache. While this cache implementation is useful for development and tests, it's recommended to use Caffeine cache in production.You can switch to using Caffeine cache, by adding it and org.springframework.cache.caffeine.CaffeineCacheManager to the classpath.
2024-02-09 00:06:24 [restartedMain] INFO  o.s.c.n.eureka.InstanceInfoFactory -
				Setting initial instance status as: STARTING
2024-02-09 00:06:24 [restartedMain] INFO  c.netflix.discovery.DiscoveryClient -
				Initializing Eureka in region us-east-1
2024-02-09 00:06:24 [restartedMain] INFO  c.n.d.s.r.aws.ConfigClusterResolver -
				Resolving eureka endpoints via configuration
2024-02-09 00:06:24 [restartedMain] INFO  c.netflix.discovery.DiscoveryClient -
				Disable delta property : false
2024-02-09 00:06:24 [restartedMain] INFO  c.netflix.discovery.DiscoveryClient -
				Single vip registry refresh property : null
2024-02-09 00:06:24 [restartedMain] INFO  c.netflix.discovery.DiscoveryClient -
				Force full registry fetch : false
2024-02-09 00:06:24 [restartedMain] INFO  c.netflix.discovery.DiscoveryClient -
				Application is null : false
2024-02-09 00:06:24 [restartedMain] INFO  c.netflix.discovery.DiscoveryClient -
				Registered Applications size is zero : true
2024-02-09 00:06:24 [restartedMain] INFO  c.netflix.discovery.DiscoveryClient -
				Application version is -1: true
2024-02-09 00:06:24 [restartedMain] INFO  c.netflix.discovery.DiscoveryClient -
				Getting all instance registry info from the eureka server
2024-02-09 00:06:24 [restartedMain] INFO  c.netflix.discovery.DiscoveryClient -
				The response status is 200
2024-02-09 00:06:24 [restartedMain] INFO  c.netflix.discovery.DiscoveryClient -
				Starting heartbeat executor: renew interval is: 30
2024-02-09 00:06:24 [restartedMain] INFO  c.n.discovery.InstanceInfoReplicator -
				InstanceInfoReplicator onDemand update allowed rate per min is 4
2024-02-09 00:06:24 [restartedMain] INFO  c.netflix.discovery.DiscoveryClient -
				Discovery Client initialized at timestamp 1707417384355 with initial instances count: 3
2024-02-09 00:06:24 [restartedMain] INFO  o.s.c.n.e.s.EurekaServiceRegistry -
				Registering application WISHLIST-SERVICE with eureka with status UP
2024-02-09 00:06:24 [restartedMain] INFO  c.netflix.discovery.DiscoveryClient -
				Saw local status change event StatusChangeEvent [timestamp=1707417384360, current=UP, previous=STARTING]
2024-02-09 00:06:24 [DiscoveryClient-InstanceInfoReplicator-0] INFO  c.netflix.discovery.DiscoveryClient -
				DiscoveryClient_WISHLIST-SERVICE/DYNAMO:wishlist-service:8088: registering service...
2024-02-09 00:06:24 [restartedMain] INFO  o.a.coyote.http11.Http11NioProtocol -
				Starting ProtocolHandler ["http-nio-8088"]
2024-02-09 00:06:24 [DiscoveryClient-InstanceInfoReplicator-0] INFO  c.netflix.discovery.DiscoveryClient -
				DiscoveryClient_WISHLIST-SERVICE/DYNAMO:wishlist-service:8088 - registration status: 204
2024-02-09 00:06:24 [restartedMain] INFO  o.s.b.w.e.tomcat.TomcatWebServer -
				Tomcat started on port(s): 8088 (http) with context path ''
2024-02-09 00:06:24 [restartedMain] INFO  o.s.c.n.e.s.EurekaAutoServiceRegistration -
				Updating port to 8088
2024-02-09 00:06:24 [restartedMain] INFO  com.pack.WishListApplication -
				Started WishListApplication in 28.563 seconds (process running for 1156.036)
2024-02-09 00:06:24 [restartedMain] INFO  o.s.b.d.a.ConditionEvaluationDeltaLoggingListener -
				Condition evaluation unchanged
2024-02-09 00:08:52 [File Watcher] INFO  o.s.b.d.a.LocalDevToolsAutoConfiguration$RestartingClassPathChangeChangedEventListener -
				Restarting due to 1 class path change (0 additions, 0 deletions, 1 modification)
2024-02-09 00:08:52 [Thread-13] INFO  o.s.c.n.e.s.EurekaServiceRegistry -
				Unregistering application WISHLIST-SERVICE with eureka with status DOWN
2024-02-09 00:08:52 [Thread-13] INFO  c.netflix.discovery.DiscoveryClient -
				Saw local status change event StatusChangeEvent [timestamp=1707417532871, current=DOWN, previous=UP]
2024-02-09 00:08:52 [DiscoveryClient-InstanceInfoReplicator-0] INFO  c.netflix.discovery.DiscoveryClient -
				DiscoveryClient_WISHLIST-SERVICE/DYNAMO:wishlist-service:8088: registering service...
2024-02-09 00:08:52 [DiscoveryClient-InstanceInfoReplicator-0] INFO  c.netflix.discovery.DiscoveryClient -
				DiscoveryClient_WISHLIST-SERVICE/DYNAMO:wishlist-service:8088 - registration status: 204
2024-02-09 00:08:52 [Thread-13] INFO  o.a.coyote.http11.Http11NioProtocol -
				Pausing ProtocolHandler ["http-nio-8088"]
2024-02-09 00:08:52 [Thread-13] INFO  o.a.catalina.core.StandardService -
				Stopping service [Tomcat]
2024-02-09 00:08:52 [Thread-13] INFO  o.a.coyote.http11.Http11NioProtocol -
				Stopping ProtocolHandler ["http-nio-8088"]
2024-02-09 00:08:52 [Thread-13] INFO  o.a.coyote.http11.Http11NioProtocol -
				Destroying ProtocolHandler ["http-nio-8088"]
2024-02-09 00:08:52 [Thread-13] INFO  o.s.o.j.LocalContainerEntityManagerFactoryBean -
				Closing JPA EntityManagerFactory for persistence unit 'default'
2024-02-09 00:08:52 [Thread-13] INFO  com.zaxxer.hikari.HikariDataSource -
				HikariPool-3 - Shutdown initiated...
2024-02-09 00:08:53 [Thread-13] INFO  com.zaxxer.hikari.HikariDataSource -
				HikariPool-3 - Shutdown completed.
2024-02-09 00:08:53 [Thread-13] INFO  c.netflix.discovery.DiscoveryClient -
				Shutting down DiscoveryClient ...
2024-02-09 00:08:56 [DiscoveryClient-0] WARN  c.n.discovery.TimedSupervisorTask -
				task supervisor shutting down, can't accept the task
2024-02-09 00:08:56 [Thread-13] INFO  c.netflix.discovery.DiscoveryClient -
				Unregistering ...
2024-02-09 00:08:56 [Thread-13] INFO  c.netflix.discovery.DiscoveryClient -
				DiscoveryClient_WISHLIST-SERVICE/DYNAMO:wishlist-service:8088 - deregister  status: 200
2024-02-09 00:08:56 [Thread-13] INFO  c.netflix.discovery.DiscoveryClient -
				Completed shut down of DiscoveryClient
2024-02-09 00:08:56 [restartedMain] INFO  com.pack.WishListApplication -
				Starting WishListApplication using Java 17.0.8.1 with PID 16432 (F:\ABCD_Back\APP-main\EventWishListMicroservice\target\classes started by HITESH in F:\ABCD_Back\APP-main\EventWishListMicroservice)
2024-02-09 00:08:56 [restartedMain] INFO  com.pack.WishListApplication -
				No active profile set, falling back to 1 default profile: "default"
2024-02-09 00:08:57 [restartedMain] INFO  o.s.d.r.c.RepositoryConfigurationDelegate -
				Bootstrapping Spring Data JPA repositories in DEFAULT mode.
2024-02-09 00:08:59 [restartedMain] INFO  o.s.d.r.c.RepositoryConfigurationDelegate -
				Finished Spring Data repository scanning in 79 ms. Found 1 JPA repository interface.
2024-02-09 00:08:59 [restartedMain] INFO  o.s.cloud.context.scope.GenericScope -
				BeanFactory id=97c0aa1d-0aa4-3210-b653-49b6bdeaf9a5
2024-02-09 00:09:00 [restartedMain] INFO  o.s.b.w.e.tomcat.TomcatWebServer -
				Tomcat initialized with port(s): 8088 (http)
2024-02-09 00:09:00 [restartedMain] INFO  o.a.coyote.http11.Http11NioProtocol -
				Initializing ProtocolHandler ["http-nio-8088"]
2024-02-09 00:09:00 [restartedMain] INFO  o.a.catalina.core.StandardService -
				Starting service [Tomcat]
2024-02-09 00:09:00 [restartedMain] INFO  o.a.catalina.core.StandardEngine -
				Starting Servlet engine: [Apache Tomcat/10.1.16]
2024-02-09 00:09:01 [restartedMain] INFO  o.a.c.c.C.[Tomcat].[localhost].[/] -
				Initializing Spring embedded WebApplicationContext
2024-02-09 00:09:01 [restartedMain] INFO  o.s.b.w.s.c.ServletWebServerApplicationContext -
				Root WebApplicationContext: initialization completed in 4648 ms
2024-02-09 00:09:01 [restartedMain] INFO  o.h.jpa.internal.util.LogHelper -
				HHH000204: Processing PersistenceUnitInfo [name: default]
2024-02-09 00:09:01 [restartedMain] INFO  o.s.o.j.p.SpringPersistenceUnitInfo -
				No LoadTimeWeaver setup: ignoring JPA class transformer
2024-02-09 00:09:01 [restartedMain] INFO  com.zaxxer.hikari.HikariDataSource -
				HikariPool-4 - Starting...
2024-02-09 00:09:03 [restartedMain] INFO  com.zaxxer.hikari.pool.HikariPool -
				HikariPool-4 - Added connection com.mysql.cj.jdbc.ConnectionImpl@66916f15
2024-02-09 00:09:03 [restartedMain] INFO  com.zaxxer.hikari.HikariDataSource -
				HikariPool-4 - Start completed.
2024-02-09 00:09:03 [restartedMain] WARN  org.hibernate.orm.deprecation -
				HHH90000025: MySQL8Dialect does not need to be specified explicitly using 'hibernate.dialect' (remove the property setting and it will be selected by default)
2024-02-09 00:09:03 [restartedMain] WARN  org.hibernate.orm.deprecation -
				HHH90000026: MySQL8Dialect has been deprecated; use org.hibernate.dialect.MySQLDialect instead
2024-02-09 00:09:04 [restartedMain] INFO  o.h.e.t.j.p.i.JtaPlatformInitiator -
				HHH000489: No JTA platform available (set 'hibernate.transaction.jta.platform' to enable JTA platform integration)
2024-02-09 00:09:22 [restartedMain] INFO  o.s.o.j.LocalContainerEntityManagerFactoryBean -
				Initialized JPA EntityManagerFactory for persistence unit 'default'
2024-02-09 00:09:23 [restartedMain] WARN  o.s.b.a.o.j.JpaBaseConfiguration$JpaWebConfiguration -
				spring.jpa.open-in-view is enabled by default. Therefore, database queries may be performed during view rendering. Explicitly configure spring.jpa.open-in-view to disable this warning
2024-02-09 00:09:23 [restartedMain] WARN  o.s.b.w.s.c.AnnotationConfigServletWebServerApplicationContext -
				Exception encountered during context initialization - cancelling refresh attempt: org.springframework.beans.factory.BeanCreationException: Error creating bean with name 'requestMappingHandlerMapping' defined in class path resource [org/springframework/boot/autoconfigure/web/servlet/WebMvcAutoConfiguration$EnableWebMvcConfiguration.class]: Ambiguous mapping. Cannot map 'wishListController' method 
com.pack.controller.WishListController#viewListOfEvents(String, int)
to {GET [/wishlist/viewFavourite/{userId}]}: There is already 'wishListController' bean method
com.pack.controller.WishListController#viewFavouriteEvent(String, long, int) mapped.
2024-02-09 00:09:23 [restartedMain] INFO  o.s.o.j.LocalContainerEntityManagerFactoryBean -
				Closing JPA EntityManagerFactory for persistence unit 'default'
2024-02-09 00:09:23 [restartedMain] INFO  com.zaxxer.hikari.HikariDataSource -
				HikariPool-4 - Shutdown initiated...
2024-02-09 00:09:23 [restartedMain] INFO  com.zaxxer.hikari.HikariDataSource -
				HikariPool-4 - Shutdown completed.
2024-02-09 00:09:23 [restartedMain] INFO  o.a.catalina.core.StandardService -
				Stopping service [Tomcat]
2024-02-09 00:09:23 [restartedMain] INFO  o.s.b.a.l.ConditionEvaluationReportLogger -
				

Error starting ApplicationContext. To display the condition evaluation report re-run your application with 'debug' enabled.
2024-02-09 00:09:23 [restartedMain] ERROR o.s.boot.SpringApplication -
				Application run failed
org.springframework.beans.factory.BeanCreationException: Error creating bean with name 'requestMappingHandlerMapping' defined in class path resource [org/springframework/boot/autoconfigure/web/servlet/WebMvcAutoConfiguration$EnableWebMvcConfiguration.class]: Ambiguous mapping. Cannot map 'wishListController' method 
com.pack.controller.WishListController#viewListOfEvents(String, int)
to {GET [/wishlist/viewFavourite/{userId}]}: There is already 'wishListController' bean method
com.pack.controller.WishListController#viewFavouriteEvent(String, long, int) mapped.
	at org.springframework.beans.factory.support.AbstractAutowireCapableBeanFactory.initializeBean(AbstractAutowireCapableBeanFactory.java:1770)
	at org.springframework.beans.factory.support.AbstractAutowireCapableBeanFactory.doCreateBean(AbstractAutowireCapableBeanFactory.java:598)
	at org.springframework.beans.factory.support.AbstractAutowireCapableBeanFactory.createBean(AbstractAutowireCapableBeanFactory.java:520)
	at org.springframework.beans.factory.support.AbstractBeanFactory.lambda$doGetBean$0(AbstractBeanFactory.java:325)
	at org.springframework.beans.factory.support.DefaultSingletonBeanRegistry.getSingleton(DefaultSingletonBeanRegistry.java:234)
	at org.springframework.beans.factory.support.AbstractBeanFactory.doGetBean(AbstractBeanFactory.java:323)
	at org.springframework.beans.factory.support.AbstractBeanFactory.getBean(AbstractBeanFactory.java:199)
	at org.springframework.beans.factory.support.DefaultListableBeanFactory.preInstantiateSingletons(DefaultListableBeanFactory.java:973)
	at org.springframework.context.support.AbstractApplicationContext.finishBeanFactoryInitialization(AbstractApplicationContext.java:950)
	at org.springframework.context.support.AbstractApplicationContext.refresh(AbstractApplicationContext.java:616)
	at org.springframework.boot.web.servlet.context.ServletWebServerApplicationContext.refresh(ServletWebServerApplicationContext.java:146)
	at org.springframework.boot.SpringApplication.refresh(SpringApplication.java:738)
	at org.springframework.boot.SpringApplication.refreshContext(SpringApplication.java:440)
	at org.springframework.boot.SpringApplication.run(SpringApplication.java:316)
	at org.springframework.boot.SpringApplication.run(SpringApplication.java:1306)
	at org.springframework.boot.SpringApplication.run(SpringApplication.java:1295)
	at com.pack.WishListApplication.main(WishListApplication.java:18)
	at java.base/jdk.internal.reflect.NativeMethodAccessorImpl.invoke0(Native Method)
	at java.base/jdk.internal.reflect.NativeMethodAccessorImpl.invoke(NativeMethodAccessorImpl.java:77)
	at java.base/jdk.internal.reflect.DelegatingMethodAccessorImpl.invoke(DelegatingMethodAccessorImpl.java:43)
	at java.base/java.lang.reflect.Method.invoke(Method.java:568)
	at org.springframework.boot.devtools.restart.RestartLauncher.run(RestartLauncher.java:50)
Caused by: java.lang.IllegalStateException: Ambiguous mapping. Cannot map 'wishListController' method 
com.pack.controller.WishListController#viewListOfEvents(String, int)
to {GET [/wishlist/viewFavourite/{userId}]}: There is already 'wishListController' bean method
com.pack.controller.WishListController#viewFavouriteEvent(String, long, int) mapped.
	at org.springframework.web.servlet.handler.AbstractHandlerMethodMapping$MappingRegistry.validateMethodMapping(AbstractHandlerMethodMapping.java:667)
	at org.springframework.web.servlet.handler.AbstractHandlerMethodMapping$MappingRegistry.register(AbstractHandlerMethodMapping.java:633)
	at org.springframework.web.servlet.handler.AbstractHandlerMethodMapping.registerHandlerMethod(AbstractHandlerMethodMapping.java:331)
	at org.springframework.web.servlet.mvc.method.annotation.RequestMappingHandlerMapping.registerHandlerMethod(RequestMappingHandlerMapping.java:441)
	at org.springframework.web.servlet.mvc.method.annotation.RequestMappingHandlerMapping.registerHandlerMethod(RequestMappingHandlerMapping.java:76)
	at org.springframework.web.servlet.handler.AbstractHandlerMethodMapping.lambda$detectHandlerMethods$2(AbstractHandlerMethodMapping.java:298)
	at java.base/java.util.LinkedHashMap.forEach(LinkedHashMap.java:721)
	at org.springframework.web.servlet.handler.AbstractHandlerMethodMapping.detectHandlerMethods(AbstractHandlerMethodMapping.java:296)
	at org.springframework.web.servlet.handler.AbstractHandlerMethodMapping.processCandidateBean(AbstractHandlerMethodMapping.java:265)
	at org.springframework.web.servlet.handler.AbstractHandlerMethodMapping.initHandlerMethods(AbstractHandlerMethodMapping.java:224)
	at org.springframework.web.servlet.handler.AbstractHandlerMethodMapping.afterPropertiesSet(AbstractHandlerMethodMapping.java:212)
	at org.springframework.web.servlet.mvc.method.annotation.RequestMappingHandlerMapping.afterPropertiesSet(RequestMappingHandlerMapping.java:225)
	at org.springframework.beans.factory.support.AbstractAutowireCapableBeanFactory.invokeInitMethods(AbstractAutowireCapableBeanFactory.java:1817)
	at org.springframework.beans.factory.support.AbstractAutowireCapableBeanFactory.initializeBean(AbstractAutowireCapableBeanFactory.java:1766)
	... 21 common frames omitted
2024-02-09 00:09:27 [restartedMain] INFO  com.pack.WishListApplication -
				Starting WishListApplication using Java 17.0.8.1 with PID 16432 (F:\ABCD_Back\APP-main\EventWishListMicroservice\target\classes started by HITESH in F:\ABCD_Back\APP-main\EventWishListMicroservice)
2024-02-09 00:09:27 [restartedMain] INFO  com.pack.WishListApplication -
				No active profile set, falling back to 1 default profile: "default"
2024-02-09 00:09:28 [restartedMain] INFO  o.s.d.r.c.RepositoryConfigurationDelegate -
				Bootstrapping Spring Data JPA repositories in DEFAULT mode.
2024-02-09 00:09:28 [restartedMain] INFO  o.s.d.r.c.RepositoryConfigurationDelegate -
				Finished Spring Data repository scanning in 20 ms. Found 1 JPA repository interface.
2024-02-09 00:09:28 [restartedMain] INFO  o.s.cloud.context.scope.GenericScope -
				BeanFactory id=97c0aa1d-0aa4-3210-b653-49b6bdeaf9a5
2024-02-09 00:09:29 [restartedMain] INFO  o.s.b.w.e.tomcat.TomcatWebServer -
				Tomcat initialized with port(s): 8088 (http)
2024-02-09 00:09:29 [restartedMain] INFO  o.a.coyote.http11.Http11NioProtocol -
				Initializing ProtocolHandler ["http-nio-8088"]
2024-02-09 00:09:29 [restartedMain] INFO  o.a.catalina.core.StandardService -
				Starting service [Tomcat]
2024-02-09 00:09:29 [restartedMain] INFO  o.a.catalina.core.StandardEngine -
				Starting Servlet engine: [Apache Tomcat/10.1.16]
2024-02-09 00:09:29 [restartedMain] INFO  o.a.c.c.C.[Tomcat-1].[localhost].[/] -
				Initializing Spring embedded WebApplicationContext
2024-02-09 00:09:29 [restartedMain] INFO  o.s.b.w.s.c.ServletWebServerApplicationContext -
				Root WebApplicationContext: initialization completed in 2630 ms
2024-02-09 00:09:30 [restartedMain] INFO  o.h.jpa.internal.util.LogHelper -
				HHH000204: Processing PersistenceUnitInfo [name: default]
2024-02-09 00:09:30 [restartedMain] INFO  o.s.o.j.p.SpringPersistenceUnitInfo -
				No LoadTimeWeaver setup: ignoring JPA class transformer
2024-02-09 00:09:30 [restartedMain] INFO  com.zaxxer.hikari.HikariDataSource -
				HikariPool-5 - Starting...
2024-02-09 00:09:30 [restartedMain] INFO  com.zaxxer.hikari.pool.HikariPool -
				HikariPool-5 - Added connection com.mysql.cj.jdbc.ConnectionImpl@2017e5c5
2024-02-09 00:09:30 [restartedMain] INFO  com.zaxxer.hikari.HikariDataSource -
				HikariPool-5 - Start completed.
2024-02-09 00:09:30 [restartedMain] WARN  org.hibernate.orm.deprecation -
				HHH90000025: MySQL8Dialect does not need to be specified explicitly using 'hibernate.dialect' (remove the property setting and it will be selected by default)
2024-02-09 00:09:30 [restartedMain] WARN  org.hibernate.orm.deprecation -
				HHH90000026: MySQL8Dialect has been deprecated; use org.hibernate.dialect.MySQLDialect instead
2024-02-09 00:09:30 [restartedMain] INFO  o.h.e.t.j.p.i.JtaPlatformInitiator -
				HHH000489: No JTA platform available (set 'hibernate.transaction.jta.platform' to enable JTA platform integration)
2024-02-09 00:09:32 [restartedMain] INFO  o.s.o.j.LocalContainerEntityManagerFactoryBean -
				Initialized JPA EntityManagerFactory for persistence unit 'default'
2024-02-09 00:09:32 [restartedMain] WARN  o.s.b.a.o.j.JpaBaseConfiguration$JpaWebConfiguration -
				spring.jpa.open-in-view is enabled by default. Therefore, database queries may be performed during view rendering. Explicitly configure spring.jpa.open-in-view to disable this warning
2024-02-09 00:09:33 [restartedMain] WARN  o.s.b.d.a.OptionalLiveReloadServer -
				Unable to start LiveReload server
2024-02-09 00:09:33 [restartedMain] INFO  o.s.c.n.e.c.DiscoveryClientOptionalArgsConfiguration -
				Eureka HTTP Client uses RestTemplate.
2024-02-09 00:09:34 [restartedMain] WARN  o.s.c.l.c.LoadBalancerCacheAutoConfiguration$LoadBalancerCaffeineWarnLogger -
				Spring Cloud LoadBalancer is currently working with the default cache. While this cache implementation is useful for development and tests, it's recommended to use Caffeine cache in production.You can switch to using Caffeine cache, by adding it and org.springframework.cache.caffeine.CaffeineCacheManager to the classpath.
2024-02-09 00:09:34 [restartedMain] INFO  o.s.c.n.eureka.InstanceInfoFactory -
				Setting initial instance status as: STARTING
2024-02-09 00:09:34 [restartedMain] INFO  c.netflix.discovery.DiscoveryClient -
				Initializing Eureka in region us-east-1
2024-02-09 00:09:34 [restartedMain] INFO  c.n.d.s.r.aws.ConfigClusterResolver -
				Resolving eureka endpoints via configuration
2024-02-09 00:09:34 [restartedMain] INFO  c.netflix.discovery.DiscoveryClient -
				Disable delta property : false
2024-02-09 00:09:34 [restartedMain] INFO  c.netflix.discovery.DiscoveryClient -
				Single vip registry refresh property : null
2024-02-09 00:09:34 [restartedMain] INFO  c.netflix.discovery.DiscoveryClient -
				Force full registry fetch : false
2024-02-09 00:09:34 [restartedMain] INFO  c.netflix.discovery.DiscoveryClient -
				Application is null : false
2024-02-09 00:09:34 [restartedMain] INFO  c.netflix.discovery.DiscoveryClient -
				Registered Applications size is zero : true
2024-02-09 00:09:34 [restartedMain] INFO  c.netflix.discovery.DiscoveryClient -
				Application version is -1: true
2024-02-09 00:09:34 [restartedMain] INFO  c.netflix.discovery.DiscoveryClient -
				Getting all instance registry info from the eureka server
2024-02-09 00:09:34 [restartedMain] INFO  c.netflix.discovery.DiscoveryClient -
				The response status is 200
2024-02-09 00:09:34 [restartedMain] INFO  c.netflix.discovery.DiscoveryClient -
				Starting heartbeat executor: renew interval is: 30
2024-02-09 00:09:34 [restartedMain] INFO  c.n.discovery.InstanceInfoReplicator -
				InstanceInfoReplicator onDemand update allowed rate per min is 4
2024-02-09 00:09:34 [restartedMain] INFO  c.netflix.discovery.DiscoveryClient -
				Discovery Client initialized at timestamp 1707417574285 with initial instances count: 3
2024-02-09 00:09:34 [restartedMain] INFO  o.s.c.n.e.s.EurekaServiceRegistry -
				Registering application WISHLIST-SERVICE with eureka with status UP
2024-02-09 00:09:34 [restartedMain] INFO  c.netflix.discovery.DiscoveryClient -
				Saw local status change event StatusChangeEvent [timestamp=1707417574291, current=UP, previous=STARTING]
2024-02-09 00:09:34 [restartedMain] INFO  o.a.coyote.http11.Http11NioProtocol -
				Starting ProtocolHandler ["http-nio-8088"]
2024-02-09 00:09:34 [DiscoveryClient-InstanceInfoReplicator-0] INFO  c.netflix.discovery.DiscoveryClient -
				DiscoveryClient_WISHLIST-SERVICE/DYNAMO:wishlist-service:8088: registering service...
2024-02-09 00:09:34 [restartedMain] INFO  o.s.b.w.e.tomcat.TomcatWebServer -
				Tomcat started on port(s): 8088 (http) with context path ''
2024-02-09 00:09:34 [restartedMain] INFO  o.s.c.n.e.s.EurekaAutoServiceRegistration -
				Updating port to 8088
2024-02-09 00:09:34 [DiscoveryClient-InstanceInfoReplicator-0] INFO  c.netflix.discovery.DiscoveryClient -
				DiscoveryClient_WISHLIST-SERVICE/DYNAMO:wishlist-service:8088 - registration status: 204
2024-02-09 00:09:34 [restartedMain] INFO  com.pack.WishListApplication -
				Started WishListApplication in 8.263 seconds (process running for 1345.889)
2024-02-09 00:09:34 [restartedMain] INFO  o.s.b.d.a.ConditionEvaluationDeltaLoggingListener -
				Condition evaluation unchanged
2024-02-09 00:10:13 [File Watcher] INFO  o.s.b.d.a.LocalDevToolsAutoConfiguration$RestartingClassPathChangeChangedEventListener -
				Restarting due to 1 class path change (0 additions, 0 deletions, 1 modification)
2024-02-09 00:10:13 [Thread-19] INFO  o.s.c.n.e.s.EurekaServiceRegistry -
				Unregistering application WISHLIST-SERVICE with eureka with status DOWN
2024-02-09 00:10:13 [Thread-19] INFO  c.netflix.discovery.DiscoveryClient -
				Saw local status change event StatusChangeEvent [timestamp=1707417613619, current=DOWN, previous=UP]
2024-02-09 00:10:13 [DiscoveryClient-InstanceInfoReplicator-0] INFO  c.netflix.discovery.DiscoveryClient -
				DiscoveryClient_WISHLIST-SERVICE/DYNAMO:wishlist-service:8088: registering service...
2024-02-09 00:10:13 [DiscoveryClient-InstanceInfoReplicator-0] INFO  c.netflix.discovery.DiscoveryClient -
				DiscoveryClient_WISHLIST-SERVICE/DYNAMO:wishlist-service:8088 - registration status: 204
2024-02-09 00:10:13 [Thread-19] INFO  o.a.coyote.http11.Http11NioProtocol -
				Pausing ProtocolHandler ["http-nio-8088"]
2024-02-09 00:10:13 [Thread-19] INFO  o.a.catalina.core.StandardService -
				Stopping service [Tomcat]
2024-02-09 00:10:13 [Thread-19] INFO  o.a.coyote.http11.Http11NioProtocol -
				Stopping ProtocolHandler ["http-nio-8088"]
2024-02-09 00:10:13 [Thread-19] INFO  o.a.coyote.http11.Http11NioProtocol -
				Destroying ProtocolHandler ["http-nio-8088"]
2024-02-09 00:10:13 [Thread-19] INFO  o.s.o.j.LocalContainerEntityManagerFactoryBean -
				Closing JPA EntityManagerFactory for persistence unit 'default'
2024-02-09 00:10:13 [Thread-19] INFO  com.zaxxer.hikari.HikariDataSource -
				HikariPool-5 - Shutdown initiated...
2024-02-09 00:10:13 [Thread-19] INFO  com.zaxxer.hikari.HikariDataSource -
				HikariPool-5 - Shutdown completed.
2024-02-09 00:10:13 [Thread-19] INFO  c.netflix.discovery.DiscoveryClient -
				Shutting down DiscoveryClient ...
2024-02-09 00:10:16 [Thread-19] INFO  c.netflix.discovery.DiscoveryClient -
				Unregistering ...
2024-02-09 00:10:16 [Thread-19] INFO  c.netflix.discovery.DiscoveryClient -
				DiscoveryClient_WISHLIST-SERVICE/DYNAMO:wishlist-service:8088 - deregister  status: 200
2024-02-09 00:10:16 [Thread-19] INFO  c.netflix.discovery.DiscoveryClient -
				Completed shut down of DiscoveryClient
